The target system is: Linux -  - aarch64
The host system is: Linux - 5.4.0-104-generic - x86_64
Compiling the C compiler identification source file "CMakeCCompilerId.c" succeeded.
Compiler: /opt/petalinux/2021.1/sysroots/x86_64-petalinux-linux/usr/bin/aarch64-xilinx-linux/aarch64-xilinx-linux-gcc -mcpu=cortex-a72.cortex-a53;-march=armv8-a+crc;-fstack-protector-strong;-D_FORTIFY_SOURCE=2;-Wformat;-Wformat-security;-Werror=format-security;--sysroot=/opt/petalinux/2021.1/sysroots/cortexa72-cortexa53-xilinx-linux
Build flags: ;-O2;-pipe;-g;-feliminate-unused-debug-types;
Id flags:  

The output was:
0


Compilation of the C compiler identification source "CMakeCCompilerId.c" produced "a.out"

The C compiler identification is GNU, found in "/home/tos/kria/accAlert/build/CMakeFiles/3.18.2/CompilerIdC/a.out"

Compiling the CXX compiler identification source file "CMakeCXXCompilerId.cpp" succeeded.
Compiler: /opt/petalinux/2021.1/sysroots/x86_64-petalinux-linux/usr/bin/aarch64-xilinx-linux/aarch64-xilinx-linux-g++ -mcpu=cortex-a72.cortex-a53;-march=armv8-a+crc;-fstack-protector-strong;-D_FORTIFY_SOURCE=2;-Wformat;-Wformat-security;-Werror=format-security;--sysroot=/opt/petalinux/2021.1/sysroots/cortexa72-cortexa53-xilinx-linux
Build flags: ;-O2;-pipe;-g;-feliminate-unused-debug-types;
Id flags:  

The output was:
0


Compilation of the CXX compiler identification source "CMakeCXXCompilerId.cpp" produced "a.out"

The CXX compiler identification is GNU, found in "/home/tos/kria/accAlert/build/CMakeFiles/3.18.2/CompilerIdCXX/a.out"

Detecting C compiler ABI info compiled with the following output:
Change Dir: /home/tos/kria/accAlert/build/CMakeFiles/CMakeTmp

Run Build Command(s):/usr/bin/make cmTC_568fe/fast && /usr/bin/make  -f CMakeFiles/cmTC_568fe.dir/build.make CMakeFiles/cmTC_568fe.dir/build
make[1]: Entering directory '/home/tos/kria/accAlert/build/CMakeFiles/CMakeTmp'
Building C object CMakeFiles/cmTC_568fe.dir/CMakeCCompilerABI.c.o
/opt/petalinux/2021.1/sysroots/x86_64-petalinux-linux/usr/bin/aarch64-xilinx-linux/aarch64-xilinx-linux-gcc   -mcpu=cortex-a72.cortex-a53 -march=armv8-a+crc -fstack-protector-strong  -D_FORTIFY_SOURCE=2 -Wformat -Wformat-security -Werror=format-security --sysroot=/opt/petalinux/2021.1/sysroots/cortexa72-cortexa53-xilinx-linux --sysroot=/opt/petalinux/2021.1/sysroots/cortexa72-cortexa53-xilinx-linux   -O2 -pipe -g -feliminate-unused-debug-types     -v -o CMakeFiles/cmTC_568fe.dir/CMakeCCompilerABI.c.o -c /opt/petalinux/2021.1/sysroots/x86_64-petalinux-linux/usr/share/cmake-3.18/Modules/CMakeCCompilerABI.c
Using built-in specs.
COLLECT_GCC=/opt/petalinux/2021.1/sysroots/x86_64-petalinux-linux/usr/bin/aarch64-xilinx-linux/aarch64-xilinx-linux-gcc
Target: aarch64-xilinx-linux
Configured with: ../../../../../../work-shared/gcc-10.2.0-r0/gcc-10.2.0/configure --build=x86_64-linux --host=x86_64-petalinux-linux --target=aarch64-xilinx-linux --prefix=/opt/petalinux/2021.1/sysroots/x86_64-petalinux-linux/usr --exec_prefix=/opt/petalinux/2021.1/sysroots/x86_64-petalinux-linux/usr --bindir=/opt/petalinux/2021.1/sysroots/x86_64-petalinux-linux/usr/bin/aarch64-xilinx-linux --sbindir=/opt/petalinux/2021.1/sysroots/x86_64-petalinux-linux/usr/bin/aarch64-xilinx-linux --libexecdir=/opt/petalinux/2021.1/sysroots/x86_64-petalinux-linux/usr/libexec/aarch64-xilinx-linux --datadir=/opt/petalinux/2021.1/sysroots/x86_64-petalinux-linux/usr/share --sysconfdir=/opt/petalinux/2021.1/sysroots/x86_64-petalinux-linux/etc --sharedstatedir=/opt/petalinux/2021.1/sysroots/x86_64-petalinux-linux/com --localstatedir=/opt/petalinux/2021.1/sysroots/x86_64-petalinux-linux/var --libdir=/opt/petalinux/2021.1/sysroots/x86_64-petalinux-linux/usr/lib/aarch64-xilinx-linux --includedir=/opt/petalinux/2021.1/sysroots/x86_64-petalinux-linux/usr/include --oldincludedir=/opt/petalinux/2021.1/sysroots/x86_64-petalinux-linux/usr/include --infodir=/opt/petalinux/2021.1/sysroots/x86_64-petalinux-linux/usr/share/info --mandir=/opt/petalinux/2021.1/sysroots/x86_64-petalinux-linux/usr/share/man --disable-silent-rules --disable-dependency-tracking --with-libtool-sysroot=/scratch/jenkins-BUILDS-eSDK-2021.1_stable-pipeline-build-190_ZynqMpEvFull/build/tmp/work/x86_64-nativesdk-petalinux-linux/gcc-cross-canadian-aarch64/10.2.0-r0/recipe-sysroot --with-gnu-ld --enable-shared --enable-languages=c,c++ --enable-threads=posix --enable-multilib --enable-default-pie --enable-c99 --enable-long-long --enable-symvers=gnu --enable-libstdcxx-pch --program-prefix=aarch64-xilinx-linux- --without-local-prefix --disable-install-libiberty --enable-lto --disable-libssp --enable-libitm --disable-bootstrap --with-system-zlib --with-linker-hash-style=gnu --enable-linker-build-id --with-ppl=no --with-cloog=no --enable-checking=release --enable-cheaders=c_global --without-isl --with-gxx-include-dir=/not/exist/usr/include/c++/10.2.0 --with-build-time-tools=/scratch/jenkins-BUILDS-eSDK-2021.1_stable-pipeline-build-190_ZynqMpEvFull/build/tmp/work/x86_64-nativesdk-petalinux-linux/gcc-cross-canadian-aarch64/10.2.0-r0/recipe-sysroot-native/usr/aarch64-xilinx-linux/bin --with-sysroot=/not/exist --with-build-sysroot=/scratch/jenkins-BUILDS-eSDK-2021.1_stable-pipeline-build-190_ZynqMpEvFull/build/tmp/work/x86_64-nativesdk-petalinux-linux/gcc-cross-canadian-aarch64/10.2.0-r0/recipe-sysroot --enable-poison-system-directories --disable-static --enable-nls --with-glibc-version=2.28 --enable-initfini-array --enable-__cxa_atexit
Thread model: posix
Supported LTO compression algorithms: zlib
gcc version 10.2.0 (GCC) 
COLLECT_GCC_OPTIONS='--sysroot=/opt/petalinux/2021.1/sysroots/cortexa72-cortexa53-xilinx-linux' '-mcpu=cortex-a72.cortex-a53' '-march=armv8-a+crc' '-fstack-protector-strong' '-D' '_FORTIFY_SOURCE=2' '-Wformat=1' '-Wformat-security' '-Werror=format-security' '-O2' '-pipe' '-g' '-feliminate-unused-debug-types' '-v' '-o' 'CMakeFiles/cmTC_568fe.dir/CMakeCCompilerABI.c.o' '-c' '-mlittle-endian' '-mabi=lp64'
 /opt/petalinux/2021.1/sysroots/x86_64-petalinux-linux/usr/libexec/aarch64-xilinx-linux/gcc/aarch64-xilinx-linux/10.2.0/cc1 -quiet -v -isysroot /opt/petalinux/2021.1/sysroots/cortexa72-cortexa53-xilinx-linux -D _FORTIFY_SOURCE=2 /opt/petalinux/2021.1/sysroots/x86_64-petalinux-linux/usr/share/cmake-3.18/Modules/CMakeCCompilerABI.c -quiet -dumpbase CMakeCCompilerABI.c -mcpu=cortex-a72.cortex-a53 -march=armv8-a+crc -mlittle-endian -mabi=lp64 -auxbase-strip CMakeFiles/cmTC_568fe.dir/CMakeCCompilerABI.c.o -g -O2 -Wformat=1 -Wformat-security -Werror=format-security -version -fstack-protector-strong -feliminate-unused-debug-types -o - |
 /opt/petalinux/2021.1/sysroots/x86_64-petalinux-linux/usr/libexec/aarch64-xilinx-linux/gcc/aarch64-xilinx-linux/10.2.0/as -v -EL -march=armv8-a+crc -march=armv8-a+crc -mabi=lp64 -o CMakeFiles/cmTC_568fe.dir/CMakeCCompilerABI.c.o
GNU assembler version 2.35.1 (aarch64-xilinx-linux) using BFD version (GNU Binutils) 2.35.1
GNU C17 (GCC) version 10.2.0 (aarch64-xilinx-linux)
	compiled by GNU C version 10.2.0, GMP version 6.2.0, MPFR version 4.1.0, MPC version 1.2.0, isl version none
GGC heuristics: --param ggc-min-expand=100 --param ggc-min-heapsize=131072
ignoring nonexistent directory "/opt/petalinux/2021.1/sysroots/cortexa72-cortexa53-xilinx-linux/usr/local/include"
ignoring nonexistent directory "/opt/petalinux/2021.1/sysroots/x86_64-petalinux-linux/usr/lib/aarch64-xilinx-linux/gcc/aarch64-xilinx-linux/10.2.0/../../../../../aarch64-xilinx-linux/include"
#include "..." search starts here:
#include <...> search starts here:
 /opt/petalinux/2021.1/sysroots/x86_64-petalinux-linux/usr/lib/aarch64-xilinx-linux/gcc/aarch64-xilinx-linux/10.2.0/include
 /opt/petalinux/2021.1/sysroots/cortexa72-cortexa53-xilinx-linux/usr/lib/aarch64-xilinx-linux/10.2.0/include
 /opt/petalinux/2021.1/sysroots/x86_64-petalinux-linux/usr/lib/aarch64-xilinx-linux/gcc/aarch64-xilinx-linux/10.2.0/include-fixed
 /opt/petalinux/2021.1/sysroots/cortexa72-cortexa53-xilinx-linux/usr/include/
End of search list.
GNU C17 (GCC) version 10.2.0 (aarch64-xilinx-linux)
	compiled by GNU C version 10.2.0, GMP version 6.2.0, MPFR version 4.1.0, MPC version 1.2.0, isl version none
GGC heuristics: --param ggc-min-expand=100 --param ggc-min-heapsize=131072
Compiler executable checksum: 42e57035ae7d467212e813c593051959
COMPILER_PATH=/opt/petalinux/2021.1/sysroots/x86_64-petalinux-linux/usr/libexec/aarch64-xilinx-linux/gcc/aarch64-xilinx-linux/10.2.0/:/opt/petalinux/2021.1/sysroots/x86_64-petalinux-linux/usr/libexec/aarch64-xilinx-linux/gcc/aarch64-xilinx-linux/10.2.0/:/opt/petalinux/2021.1/sysroots/x86_64-petalinux-linux/usr/libexec/aarch64-xilinx-linux/gcc/aarch64-xilinx-linux/:/opt/petalinux/2021.1/sysroots/x86_64-petalinux-linux/usr/lib/aarch64-xilinx-linux/gcc/aarch64-xilinx-linux/10.2.0/:/opt/petalinux/2021.1/sysroots/x86_64-petalinux-linux/usr/lib/aarch64-xilinx-linux/gcc/aarch64-xilinx-linux/
LIBRARY_PATH=/opt/petalinux/2021.1/sysroots/x86_64-petalinux-linux/usr/lib/aarch64-xilinx-linux/gcc/aarch64-xilinx-linux/10.2.0/:/opt/petalinux/2021.1/sysroots/cortexa72-cortexa53-xilinx-linux/lib/:/opt/petalinux/2021.1/sysroots/cortexa72-cortexa53-xilinx-linux/usr/lib/aarch64-xilinx-linux/10.2.0/:/opt/petalinux/2021.1/sysroots/cortexa72-cortexa53-xilinx-linux/usr/lib/
COLLECT_GCC_OPTIONS='--sysroot=/opt/petalinux/2021.1/sysroots/cortexa72-cortexa53-xilinx-linux' '-mcpu=cortex-a72.cortex-a53' '-march=armv8-a+crc' '-fstack-protector-strong' '-D' '_FORTIFY_SOURCE=2' '-Wformat=1' '-Wformat-security' '-Werror=format-security' '-O2' '-pipe' '-g' '-feliminate-unused-debug-types' '-v' '-o' 'CMakeFiles/cmTC_568fe.dir/CMakeCCompilerABI.c.o' '-c' '-mlittle-endian' '-mabi=lp64'
Linking C executable cmTC_568fe
/opt/petalinux/2021.1/sysroots/x86_64-petalinux-linux/usr/bin/cmake -E cmake_link_script CMakeFiles/cmTC_568fe.dir/link.txt --verbose=1
/opt/petalinux/2021.1/sysroots/x86_64-petalinux-linux/usr/bin/aarch64-xilinx-linux/aarch64-xilinx-linux-gcc   -mcpu=cortex-a72.cortex-a53 -march=armv8-a+crc -fstack-protector-strong  -D_FORTIFY_SOURCE=2 -Wformat -Wformat-security -Werror=format-security --sysroot=/opt/petalinux/2021.1/sysroots/cortexa72-cortexa53-xilinx-linux --sysroot=/opt/petalinux/2021.1/sysroots/cortexa72-cortexa53-xilinx-linux  -O2 -pipe -g -feliminate-unused-debug-types   -Wl,-O1 -Wl,--hash-style=gnu -Wl,--as-needed -Wl,-z,relro,-z,now -v CMakeFiles/cmTC_568fe.dir/CMakeCCompilerABI.c.o -o cmTC_568fe 
Using built-in specs.
COLLECT_GCC=/opt/petalinux/2021.1/sysroots/x86_64-petalinux-linux/usr/bin/aarch64-xilinx-linux/aarch64-xilinx-linux-gcc
COLLECT_LTO_WRAPPER=/opt/petalinux/2021.1/sysroots/x86_64-petalinux-linux/usr/libexec/aarch64-xilinx-linux/gcc/aarch64-xilinx-linux/10.2.0/lto-wrapper
Target: aarch64-xilinx-linux
Configured with: ../../../../../../work-shared/gcc-10.2.0-r0/gcc-10.2.0/configure --build=x86_64-linux --host=x86_64-petalinux-linux --target=aarch64-xilinx-linux --prefix=/opt/petalinux/2021.1/sysroots/x86_64-petalinux-linux/usr --exec_prefix=/opt/petalinux/2021.1/sysroots/x86_64-petalinux-linux/usr --bindir=/opt/petalinux/2021.1/sysroots/x86_64-petalinux-linux/usr/bin/aarch64-xilinx-linux --sbindir=/opt/petalinux/2021.1/sysroots/x86_64-petalinux-linux/usr/bin/aarch64-xilinx-linux --libexecdir=/opt/petalinux/2021.1/sysroots/x86_64-petalinux-linux/usr/libexec/aarch64-xilinx-linux --datadir=/opt/petalinux/2021.1/sysroots/x86_64-petalinux-linux/usr/share --sysconfdir=/opt/petalinux/2021.1/sysroots/x86_64-petalinux-linux/etc --sharedstatedir=/opt/petalinux/2021.1/sysroots/x86_64-petalinux-linux/com --localstatedir=/opt/petalinux/2021.1/sysroots/x86_64-petalinux-linux/var --libdir=/opt/petalinux/2021.1/sysroots/x86_64-petalinux-linux/usr/lib/aarch64-xilinx-linux --includedir=/opt/petalinux/2021.1/sysroots/x86_64-petalinux-linux/usr/include --oldincludedir=/opt/petalinux/2021.1/sysroots/x86_64-petalinux-linux/usr/include --infodir=/opt/petalinux/2021.1/sysroots/x86_64-petalinux-linux/usr/share/info --mandir=/opt/petalinux/2021.1/sysroots/x86_64-petalinux-linux/usr/share/man --disable-silent-rules --disable-dependency-tracking --with-libtool-sysroot=/scratch/jenkins-BUILDS-eSDK-2021.1_stable-pipeline-build-190_ZynqMpEvFull/build/tmp/work/x86_64-nativesdk-petalinux-linux/gcc-cross-canadian-aarch64/10.2.0-r0/recipe-sysroot --with-gnu-ld --enable-shared --enable-languages=c,c++ --enable-threads=posix --enable-multilib --enable-default-pie --enable-c99 --enable-long-long --enable-symvers=gnu --enable-libstdcxx-pch --program-prefix=aarch64-xilinx-linux- --without-local-prefix --disable-install-libiberty --enable-lto --disable-libssp --enable-libitm --disable-bootstrap --with-system-zlib --with-linker-hash-style=gnu --enable-linker-build-id --with-ppl=no --with-cloog=no --enable-checking=release --enable-cheaders=c_global --without-isl --with-gxx-include-dir=/not/exist/usr/include/c++/10.2.0 --with-build-time-tools=/scratch/jenkins-BUILDS-eSDK-2021.1_stable-pipeline-build-190_ZynqMpEvFull/build/tmp/work/x86_64-nativesdk-petalinux-linux/gcc-cross-canadian-aarch64/10.2.0-r0/recipe-sysroot-native/usr/aarch64-xilinx-linux/bin --with-sysroot=/not/exist --with-build-sysroot=/scratch/jenkins-BUILDS-eSDK-2021.1_stable-pipeline-build-190_ZynqMpEvFull/build/tmp/work/x86_64-nativesdk-petalinux-linux/gcc-cross-canadian-aarch64/10.2.0-r0/recipe-sysroot --enable-poison-system-directories --disable-static --enable-nls --with-glibc-version=2.28 --enable-initfini-array --enable-__cxa_atexit
Thread model: posix
Supported LTO compression algorithms: zlib
gcc version 10.2.0 (GCC) 
COMPILER_PATH=/opt/petalinux/2021.1/sysroots/x86_64-petalinux-linux/usr/libexec/aarch64-xilinx-linux/gcc/aarch64-xilinx-linux/10.2.0/:/opt/petalinux/2021.1/sysroots/x86_64-petalinux-linux/usr/libexec/aarch64-xilinx-linux/gcc/aarch64-xilinx-linux/10.2.0/:/opt/petalinux/2021.1/sysroots/x86_64-petalinux-linux/usr/libexec/aarch64-xilinx-linux/gcc/aarch64-xilinx-linux/:/opt/petalinux/2021.1/sysroots/x86_64-petalinux-linux/usr/lib/aarch64-xilinx-linux/gcc/aarch64-xilinx-linux/10.2.0/:/opt/petalinux/2021.1/sysroots/x86_64-petalinux-linux/usr/lib/aarch64-xilinx-linux/gcc/aarch64-xilinx-linux/
LIBRARY_PATH=/opt/petalinux/2021.1/sysroots/x86_64-petalinux-linux/usr/lib/aarch64-xilinx-linux/gcc/aarch64-xilinx-linux/10.2.0/:/opt/petalinux/2021.1/sysroots/cortexa72-cortexa53-xilinx-linux/lib/:/opt/petalinux/2021.1/sysroots/cortexa72-cortexa53-xilinx-linux/usr/lib/aarch64-xilinx-linux/10.2.0/:/opt/petalinux/2021.1/sysroots/cortexa72-cortexa53-xilinx-linux/usr/lib/
COLLECT_GCC_OPTIONS='--sysroot=/opt/petalinux/2021.1/sysroots/cortexa72-cortexa53-xilinx-linux' '-mcpu=cortex-a72.cortex-a53' '-march=armv8-a+crc' '-fstack-protector-strong' '-D' '_FORTIFY_SOURCE=2' '-Wformat=1' '-Wformat-security' '-Werror=format-security' '-O2' '-pipe' '-g' '-feliminate-unused-debug-types' '-v' '-o' 'cmTC_568fe' '-mlittle-endian' '-mabi=lp64'
 /opt/petalinux/2021.1/sysroots/x86_64-petalinux-linux/usr/libexec/aarch64-xilinx-linux/gcc/aarch64-xilinx-linux/10.2.0/collect2 -plugin /opt/petalinux/2021.1/sysroots/x86_64-petalinux-linux/usr/libexec/aarch64-xilinx-linux/gcc/aarch64-xilinx-linux/10.2.0/liblto_plugin.so -plugin-opt=/opt/petalinux/2021.1/sysroots/x86_64-petalinux-linux/usr/libexec/aarch64-xilinx-linux/gcc/aarch64-xilinx-linux/10.2.0/lto-wrapper -plugin-opt=-fresolution=/tmp/ccXOXgie.res -plugin-opt=-pass-through=-lgcc -plugin-opt=-pass-through=-lgcc_s -plugin-opt=-pass-through=-lc -plugin-opt=-pass-through=-lgcc -plugin-opt=-pass-through=-lgcc_s --sysroot=/opt/petalinux/2021.1/sysroots/cortexa72-cortexa53-xilinx-linux --build-id --eh-frame-hdr --hash-style=gnu -dynamic-linker /lib/ld-linux-aarch64.so.1 -X -EL -maarch64linux -pie -o cmTC_568fe /opt/petalinux/2021.1/sysroots/cortexa72-cortexa53-xilinx-linux/usr/lib/Scrt1.o /opt/petalinux/2021.1/sysroots/cortexa72-cortexa53-xilinx-linux/usr/lib/crti.o /opt/petalinux/2021.1/sysroots/cortexa72-cortexa53-xilinx-linux/usr/lib/aarch64-xilinx-linux/10.2.0/crtbeginS.o -L/opt/petalinux/2021.1/sysroots/x86_64-petalinux-linux/usr/lib/aarch64-xilinx-linux/gcc/aarch64-xilinx-linux/10.2.0 -L/opt/petalinux/2021.1/sysroots/cortexa72-cortexa53-xilinx-linux/lib -L/opt/petalinux/2021.1/sysroots/cortexa72-cortexa53-xilinx-linux/usr/lib/aarch64-xilinx-linux/10.2.0 -L/opt/petalinux/2021.1/sysroots/cortexa72-cortexa53-xilinx-linux/usr/lib -O1 --hash-style=gnu --as-needed -z relro -z now CMakeFiles/cmTC_568fe.dir/CMakeCCompilerABI.c.o -lgcc --push-state --as-needed -lgcc_s --pop-state -lc -lgcc --push-state --as-needed -lgcc_s --pop-state /opt/petalinux/2021.1/sysroots/cortexa72-cortexa53-xilinx-linux/usr/lib/aarch64-xilinx-linux/10.2.0/crtendS.o /opt/petalinux/2021.1/sysroots/cortexa72-cortexa53-xilinx-linux/usr/lib/crtn.o
COLLECT_GCC_OPTIONS='--sysroot=/opt/petalinux/2021.1/sysroots/cortexa72-cortexa53-xilinx-linux' '-mcpu=cortex-a72.cortex-a53' '-march=armv8-a+crc' '-fstack-protector-strong' '-D' '_FORTIFY_SOURCE=2' '-Wformat=1' '-Wformat-security' '-Werror=format-security' '-O2' '-pipe' '-g' '-feliminate-unused-debug-types' '-v' '-o' 'cmTC_568fe' '-mlittle-endian' '-mabi=lp64'
make[1]: Leaving directory '/home/tos/kria/accAlert/build/CMakeFiles/CMakeTmp'



Parsed C implicit include dir info from above output: rv=done
  found start of include info
  found start of implicit include info
    add: [/opt/petalinux/2021.1/sysroots/x86_64-petalinux-linux/usr/lib/aarch64-xilinx-linux/gcc/aarch64-xilinx-linux/10.2.0/include]
    add: [/opt/petalinux/2021.1/sysroots/cortexa72-cortexa53-xilinx-linux/usr/lib/aarch64-xilinx-linux/10.2.0/include]
    add: [/opt/petalinux/2021.1/sysroots/x86_64-petalinux-linux/usr/lib/aarch64-xilinx-linux/gcc/aarch64-xilinx-linux/10.2.0/include-fixed]
    add: [/opt/petalinux/2021.1/sysroots/cortexa72-cortexa53-xilinx-linux/usr/include/]
  end of search list found
  collapse include dir [/opt/petalinux/2021.1/sysroots/x86_64-petalinux-linux/usr/lib/aarch64-xilinx-linux/gcc/aarch64-xilinx-linux/10.2.0/include] ==> [/opt/petalinux/2021.1/sysroots/x86_64-petalinux-linux/usr/lib/aarch64-xilinx-linux/gcc/aarch64-xilinx-linux/10.2.0/include]
  collapse include dir [/opt/petalinux/2021.1/sysroots/cortexa72-cortexa53-xilinx-linux/usr/lib/aarch64-xilinx-linux/10.2.0/include] ==> [/opt/petalinux/2021.1/sysroots/cortexa72-cortexa53-xilinx-linux/usr/lib/aarch64-xilinx-linux/10.2.0/include]
  collapse include dir [/opt/petalinux/2021.1/sysroots/x86_64-petalinux-linux/usr/lib/aarch64-xilinx-linux/gcc/aarch64-xilinx-linux/10.2.0/include-fixed] ==> [/opt/petalinux/2021.1/sysroots/x86_64-petalinux-linux/usr/lib/aarch64-xilinx-linux/gcc/aarch64-xilinx-linux/10.2.0/include-fixed]
  collapse include dir [/opt/petalinux/2021.1/sysroots/cortexa72-cortexa53-xilinx-linux/usr/include/] ==> [/opt/petalinux/2021.1/sysroots/cortexa72-cortexa53-xilinx-linux/usr/include]
  implicit include dirs: [/opt/petalinux/2021.1/sysroots/x86_64-petalinux-linux/usr/lib/aarch64-xilinx-linux/gcc/aarch64-xilinx-linux/10.2.0/include;/opt/petalinux/2021.1/sysroots/cortexa72-cortexa53-xilinx-linux/usr/lib/aarch64-xilinx-linux/10.2.0/include;/opt/petalinux/2021.1/sysroots/x86_64-petalinux-linux/usr/lib/aarch64-xilinx-linux/gcc/aarch64-xilinx-linux/10.2.0/include-fixed;/opt/petalinux/2021.1/sysroots/cortexa72-cortexa53-xilinx-linux/usr/include]


Parsed C implicit link information from above output:
  link line regex: [^( *|.*[/\])(aarch64-xilinx-linux-ld|CMAKE_LINK_STARTFILE-NOTFOUND|([^/\]+-)?ld|collect2)[^/\]*( |$)]
  ignore line: [Change Dir: /home/tos/kria/accAlert/build/CMakeFiles/CMakeTmp]
  ignore line: []
  ignore line: [Run Build Command(s):/usr/bin/make cmTC_568fe/fast && /usr/bin/make  -f CMakeFiles/cmTC_568fe.dir/build.make CMakeFiles/cmTC_568fe.dir/build]
  ignore line: [make[1]: Entering directory '/home/tos/kria/accAlert/build/CMakeFiles/CMakeTmp']
  ignore line: [Building C object CMakeFiles/cmTC_568fe.dir/CMakeCCompilerABI.c.o]
  ignore line: [/opt/petalinux/2021.1/sysroots/x86_64-petalinux-linux/usr/bin/aarch64-xilinx-linux/aarch64-xilinx-linux-gcc   -mcpu=cortex-a72.cortex-a53 -march=armv8-a+crc -fstack-protector-strong  -D_FORTIFY_SOURCE=2 -Wformat -Wformat-security -Werror=format-security --sysroot=/opt/petalinux/2021.1/sysroots/cortexa72-cortexa53-xilinx-linux --sysroot=/opt/petalinux/2021.1/sysroots/cortexa72-cortexa53-xilinx-linux   -O2 -pipe -g -feliminate-unused-debug-types     -v -o CMakeFiles/cmTC_568fe.dir/CMakeCCompilerABI.c.o -c /opt/petalinux/2021.1/sysroots/x86_64-petalinux-linux/usr/share/cmake-3.18/Modules/CMakeCCompilerABI.c]
  ignore line: [Using built-in specs.]
  ignore line: [COLLECT_GCC=/opt/petalinux/2021.1/sysroots/x86_64-petalinux-linux/usr/bin/aarch64-xilinx-linux/aarch64-xilinx-linux-gcc]
  ignore line: [Target: aarch64-xilinx-linux]
  ignore line: [Configured with: ../../../../../../work-shared/gcc-10.2.0-r0/gcc-10.2.0/configure --build=x86_64-linux --host=x86_64-petalinux-linux --target=aarch64-xilinx-linux --prefix=/opt/petalinux/2021.1/sysroots/x86_64-petalinux-linux/usr --exec_prefix=/opt/petalinux/2021.1/sysroots/x86_64-petalinux-linux/usr --bindir=/opt/petalinux/2021.1/sysroots/x86_64-petalinux-linux/usr/bin/aarch64-xilinx-linux --sbindir=/opt/petalinux/2021.1/sysroots/x86_64-petalinux-linux/usr/bin/aarch64-xilinx-linux --libexecdir=/opt/petalinux/2021.1/sysroots/x86_64-petalinux-linux/usr/libexec/aarch64-xilinx-linux --datadir=/opt/petalinux/2021.1/sysroots/x86_64-petalinux-linux/usr/share --sysconfdir=/opt/petalinux/2021.1/sysroots/x86_64-petalinux-linux/etc --sharedstatedir=/opt/petalinux/2021.1/sysroots/x86_64-petalinux-linux/com --localstatedir=/opt/petalinux/2021.1/sysroots/x86_64-petalinux-linux/var --libdir=/opt/petalinux/2021.1/sysroots/x86_64-petalinux-linux/usr/lib/aarch64-xilinx-linux --includedir=/opt/petalinux/2021.1/sysroots/x86_64-petalinux-linux/usr/include --oldincludedir=/opt/petalinux/2021.1/sysroots/x86_64-petalinux-linux/usr/include --infodir=/opt/petalinux/2021.1/sysroots/x86_64-petalinux-linux/usr/share/info --mandir=/opt/petalinux/2021.1/sysroots/x86_64-petalinux-linux/usr/share/man --disable-silent-rules --disable-dependency-tracking --with-libtool-sysroot=/scratch/jenkins-BUILDS-eSDK-2021.1_stable-pipeline-build-190_ZynqMpEvFull/build/tmp/work/x86_64-nativesdk-petalinux-linux/gcc-cross-canadian-aarch64/10.2.0-r0/recipe-sysroot --with-gnu-ld --enable-shared --enable-languages=c,c++ --enable-threads=posix --enable-multilib --enable-default-pie --enable-c99 --enable-long-long --enable-symvers=gnu --enable-libstdcxx-pch --program-prefix=aarch64-xilinx-linux- --without-local-prefix --disable-install-libiberty --enable-lto --disable-libssp --enable-libitm --disable-bootstrap --with-system-zlib --with-linker-hash-style=gnu --enable-linker-build-id --with-ppl=no --with-cloog=no --enable-checking=release --enable-cheaders=c_global --without-isl --with-gxx-include-dir=/not/exist/usr/include/c++/10.2.0 --with-build-time-tools=/scratch/jenkins-BUILDS-eSDK-2021.1_stable-pipeline-build-190_ZynqMpEvFull/build/tmp/work/x86_64-nativesdk-petalinux-linux/gcc-cross-canadian-aarch64/10.2.0-r0/recipe-sysroot-native/usr/aarch64-xilinx-linux/bin --with-sysroot=/not/exist --with-build-sysroot=/scratch/jenkins-BUILDS-eSDK-2021.1_stable-pipeline-build-190_ZynqMpEvFull/build/tmp/work/x86_64-nativesdk-petalinux-linux/gcc-cross-canadian-aarch64/10.2.0-r0/recipe-sysroot --enable-poison-system-directories --disable-static --enable-nls --with-glibc-version=2.28 --enable-initfini-array --enable-__cxa_atexit]
  ignore line: [Thread model: posix]
  ignore line: [Supported LTO compression algorithms: zlib]
  ignore line: [gcc version 10.2.0 (GCC) ]
  ignore line: [COLLECT_GCC_OPTIONS='--sysroot=/opt/petalinux/2021.1/sysroots/cortexa72-cortexa53-xilinx-linux' '-mcpu=cortex-a72.cortex-a53' '-march=armv8-a+crc' '-fstack-protector-strong' '-D' '_FORTIFY_SOURCE=2' '-Wformat=1' '-Wformat-security' '-Werror=format-security' '-O2' '-pipe' '-g' '-feliminate-unused-debug-types' '-v' '-o' 'CMakeFiles/cmTC_568fe.dir/CMakeCCompilerABI.c.o' '-c' '-mlittle-endian' '-mabi=lp64']
  ignore line: [ /opt/petalinux/2021.1/sysroots/x86_64-petalinux-linux/usr/libexec/aarch64-xilinx-linux/gcc/aarch64-xilinx-linux/10.2.0/cc1 -quiet -v -isysroot /opt/petalinux/2021.1/sysroots/cortexa72-cortexa53-xilinx-linux -D _FORTIFY_SOURCE=2 /opt/petalinux/2021.1/sysroots/x86_64-petalinux-linux/usr/share/cmake-3.18/Modules/CMakeCCompilerABI.c -quiet -dumpbase CMakeCCompilerABI.c -mcpu=cortex-a72.cortex-a53 -march=armv8-a+crc -mlittle-endian -mabi=lp64 -auxbase-strip CMakeFiles/cmTC_568fe.dir/CMakeCCompilerABI.c.o -g -O2 -Wformat=1 -Wformat-security -Werror=format-security -version -fstack-protector-strong -feliminate-unused-debug-types -o - |]
  ignore line: [ /opt/petalinux/2021.1/sysroots/x86_64-petalinux-linux/usr/libexec/aarch64-xilinx-linux/gcc/aarch64-xilinx-linux/10.2.0/as -v -EL -march=armv8-a+crc -march=armv8-a+crc -mabi=lp64 -o CMakeFiles/cmTC_568fe.dir/CMakeCCompilerABI.c.o]
  ignore line: [GNU assembler version 2.35.1 (aarch64-xilinx-linux) using BFD version (GNU Binutils) 2.35.1]
  ignore line: [GNU C17 (GCC) version 10.2.0 (aarch64-xilinx-linux)]
  ignore line: [	compiled by GNU C version 10.2.0  GMP version 6.2.0  MPFR version 4.1.0  MPC version 1.2.0  isl version none]
  ignore line: [GGC heuristics: --param ggc-min-expand=100 --param ggc-min-heapsize=131072]
  ignore line: [ignoring nonexistent directory "/opt/petalinux/2021.1/sysroots/cortexa72-cortexa53-xilinx-linux/usr/local/include"]
  ignore line: [ignoring nonexistent directory "/opt/petalinux/2021.1/sysroots/x86_64-petalinux-linux/usr/lib/aarch64-xilinx-linux/gcc/aarch64-xilinx-linux/10.2.0/../../../../../aarch64-xilinx-linux/include"]
  ignore line: [#include "..." search starts here:]
  ignore line: [#include <...> search starts here:]
  ignore line: [ /opt/petalinux/2021.1/sysroots/x86_64-petalinux-linux/usr/lib/aarch64-xilinx-linux/gcc/aarch64-xilinx-linux/10.2.0/include]
  ignore line: [ /opt/petalinux/2021.1/sysroots/cortexa72-cortexa53-xilinx-linux/usr/lib/aarch64-xilinx-linux/10.2.0/include]
  ignore line: [ /opt/petalinux/2021.1/sysroots/x86_64-petalinux-linux/usr/lib/aarch64-xilinx-linux/gcc/aarch64-xilinx-linux/10.2.0/include-fixed]
  ignore line: [ /opt/petalinux/2021.1/sysroots/cortexa72-cortexa53-xilinx-linux/usr/include/]
  ignore line: [End of search list.]
  ignore line: [GNU C17 (GCC) version 10.2.0 (aarch64-xilinx-linux)]
  ignore line: [	compiled by GNU C version 10.2.0  GMP version 6.2.0  MPFR version 4.1.0  MPC version 1.2.0  isl version none]
  ignore line: [GGC heuristics: --param ggc-min-expand=100 --param ggc-min-heapsize=131072]
  ignore line: [Compiler executable checksum: 42e57035ae7d467212e813c593051959]
  ignore line: [COMPILER_PATH=/opt/petalinux/2021.1/sysroots/x86_64-petalinux-linux/usr/libexec/aarch64-xilinx-linux/gcc/aarch64-xilinx-linux/10.2.0/:/opt/petalinux/2021.1/sysroots/x86_64-petalinux-linux/usr/libexec/aarch64-xilinx-linux/gcc/aarch64-xilinx-linux/10.2.0/:/opt/petalinux/2021.1/sysroots/x86_64-petalinux-linux/usr/libexec/aarch64-xilinx-linux/gcc/aarch64-xilinx-linux/:/opt/petalinux/2021.1/sysroots/x86_64-petalinux-linux/usr/lib/aarch64-xilinx-linux/gcc/aarch64-xilinx-linux/10.2.0/:/opt/petalinux/2021.1/sysroots/x86_64-petalinux-linux/usr/lib/aarch64-xilinx-linux/gcc/aarch64-xilinx-linux/]
  ignore line: [LIBRARY_PATH=/opt/petalinux/2021.1/sysroots/x86_64-petalinux-linux/usr/lib/aarch64-xilinx-linux/gcc/aarch64-xilinx-linux/10.2.0/:/opt/petalinux/2021.1/sysroots/cortexa72-cortexa53-xilinx-linux/lib/:/opt/petalinux/2021.1/sysroots/cortexa72-cortexa53-xilinx-linux/usr/lib/aarch64-xilinx-linux/10.2.0/:/opt/petalinux/2021.1/sysroots/cortexa72-cortexa53-xilinx-linux/usr/lib/]
  ignore line: [COLLECT_GCC_OPTIONS='--sysroot=/opt/petalinux/2021.1/sysroots/cortexa72-cortexa53-xilinx-linux' '-mcpu=cortex-a72.cortex-a53' '-march=armv8-a+crc' '-fstack-protector-strong' '-D' '_FORTIFY_SOURCE=2' '-Wformat=1' '-Wformat-security' '-Werror=format-security' '-O2' '-pipe' '-g' '-feliminate-unused-debug-types' '-v' '-o' 'CMakeFiles/cmTC_568fe.dir/CMakeCCompilerABI.c.o' '-c' '-mlittle-endian' '-mabi=lp64']
  ignore line: [Linking C executable cmTC_568fe]
  ignore line: [/opt/petalinux/2021.1/sysroots/x86_64-petalinux-linux/usr/bin/cmake -E cmake_link_script CMakeFiles/cmTC_568fe.dir/link.txt --verbose=1]
  ignore line: [/opt/petalinux/2021.1/sysroots/x86_64-petalinux-linux/usr/bin/aarch64-xilinx-linux/aarch64-xilinx-linux-gcc   -mcpu=cortex-a72.cortex-a53 -march=armv8-a+crc -fstack-protector-strong  -D_FORTIFY_SOURCE=2 -Wformat -Wformat-security -Werror=format-security --sysroot=/opt/petalinux/2021.1/sysroots/cortexa72-cortexa53-xilinx-linux --sysroot=/opt/petalinux/2021.1/sysroots/cortexa72-cortexa53-xilinx-linux  -O2 -pipe -g -feliminate-unused-debug-types   -Wl -O1 -Wl --hash-style=gnu -Wl --as-needed -Wl -z relro -z now -v CMakeFiles/cmTC_568fe.dir/CMakeCCompilerABI.c.o -o cmTC_568fe ]
  ignore line: [Using built-in specs.]
  ignore line: [COLLECT_GCC=/opt/petalinux/2021.1/sysroots/x86_64-petalinux-linux/usr/bin/aarch64-xilinx-linux/aarch64-xilinx-linux-gcc]
  ignore line: [COLLECT_LTO_WRAPPER=/opt/petalinux/2021.1/sysroots/x86_64-petalinux-linux/usr/libexec/aarch64-xilinx-linux/gcc/aarch64-xilinx-linux/10.2.0/lto-wrapper]
  ignore line: [Target: aarch64-xilinx-linux]
  ignore line: [Configured with: ../../../../../../work-shared/gcc-10.2.0-r0/gcc-10.2.0/configure --build=x86_64-linux --host=x86_64-petalinux-linux --target=aarch64-xilinx-linux --prefix=/opt/petalinux/2021.1/sysroots/x86_64-petalinux-linux/usr --exec_prefix=/opt/petalinux/2021.1/sysroots/x86_64-petalinux-linux/usr --bindir=/opt/petalinux/2021.1/sysroots/x86_64-petalinux-linux/usr/bin/aarch64-xilinx-linux --sbindir=/opt/petalinux/2021.1/sysroots/x86_64-petalinux-linux/usr/bin/aarch64-xilinx-linux --libexecdir=/opt/petalinux/2021.1/sysroots/x86_64-petalinux-linux/usr/libexec/aarch64-xilinx-linux --datadir=/opt/petalinux/2021.1/sysroots/x86_64-petalinux-linux/usr/share --sysconfdir=/opt/petalinux/2021.1/sysroots/x86_64-petalinux-linux/etc --sharedstatedir=/opt/petalinux/2021.1/sysroots/x86_64-petalinux-linux/com --localstatedir=/opt/petalinux/2021.1/sysroots/x86_64-petalinux-linux/var --libdir=/opt/petalinux/2021.1/sysroots/x86_64-petalinux-linux/usr/lib/aarch64-xilinx-linux --includedir=/opt/petalinux/2021.1/sysroots/x86_64-petalinux-linux/usr/include --oldincludedir=/opt/petalinux/2021.1/sysroots/x86_64-petalinux-linux/usr/include --infodir=/opt/petalinux/2021.1/sysroots/x86_64-petalinux-linux/usr/share/info --mandir=/opt/petalinux/2021.1/sysroots/x86_64-petalinux-linux/usr/share/man --disable-silent-rules --disable-dependency-tracking --with-libtool-sysroot=/scratch/jenkins-BUILDS-eSDK-2021.1_stable-pipeline-build-190_ZynqMpEvFull/build/tmp/work/x86_64-nativesdk-petalinux-linux/gcc-cross-canadian-aarch64/10.2.0-r0/recipe-sysroot --with-gnu-ld --enable-shared --enable-languages=c,c++ --enable-threads=posix --enable-multilib --enable-default-pie --enable-c99 --enable-long-long --enable-symvers=gnu --enable-libstdcxx-pch --program-prefix=aarch64-xilinx-linux- --without-local-prefix --disable-install-libiberty --enable-lto --disable-libssp --enable-libitm --disable-bootstrap --with-system-zlib --with-linker-hash-style=gnu --enable-linker-build-id --with-ppl=no --with-cloog=no --enable-checking=release --enable-cheaders=c_global --without-isl --with-gxx-include-dir=/not/exist/usr/include/c++/10.2.0 --with-build-time-tools=/scratch/jenkins-BUILDS-eSDK-2021.1_stable-pipeline-build-190_ZynqMpEvFull/build/tmp/work/x86_64-nativesdk-petalinux-linux/gcc-cross-canadian-aarch64/10.2.0-r0/recipe-sysroot-native/usr/aarch64-xilinx-linux/bin --with-sysroot=/not/exist --with-build-sysroot=/scratch/jenkins-BUILDS-eSDK-2021.1_stable-pipeline-build-190_ZynqMpEvFull/build/tmp/work/x86_64-nativesdk-petalinux-linux/gcc-cross-canadian-aarch64/10.2.0-r0/recipe-sysroot --enable-poison-system-directories --disable-static --enable-nls --with-glibc-version=2.28 --enable-initfini-array --enable-__cxa_atexit]
  ignore line: [Thread model: posix]
  ignore line: [Supported LTO compression algorithms: zlib]
  ignore line: [gcc version 10.2.0 (GCC) ]
  ignore line: [COMPILER_PATH=/opt/petalinux/2021.1/sysroots/x86_64-petalinux-linux/usr/libexec/aarch64-xilinx-linux/gcc/aarch64-xilinx-linux/10.2.0/:/opt/petalinux/2021.1/sysroots/x86_64-petalinux-linux/usr/libexec/aarch64-xilinx-linux/gcc/aarch64-xilinx-linux/10.2.0/:/opt/petalinux/2021.1/sysroots/x86_64-petalinux-linux/usr/libexec/aarch64-xilinx-linux/gcc/aarch64-xilinx-linux/:/opt/petalinux/2021.1/sysroots/x86_64-petalinux-linux/usr/lib/aarch64-xilinx-linux/gcc/aarch64-xilinx-linux/10.2.0/:/opt/petalinux/2021.1/sysroots/x86_64-petalinux-linux/usr/lib/aarch64-xilinx-linux/gcc/aarch64-xilinx-linux/]
  ignore line: [LIBRARY_PATH=/opt/petalinux/2021.1/sysroots/x86_64-petalinux-linux/usr/lib/aarch64-xilinx-linux/gcc/aarch64-xilinx-linux/10.2.0/:/opt/petalinux/2021.1/sysroots/cortexa72-cortexa53-xilinx-linux/lib/:/opt/petalinux/2021.1/sysroots/cortexa72-cortexa53-xilinx-linux/usr/lib/aarch64-xilinx-linux/10.2.0/:/opt/petalinux/2021.1/sysroots/cortexa72-cortexa53-xilinx-linux/usr/lib/]
  ignore line: [COLLECT_GCC_OPTIONS='--sysroot=/opt/petalinux/2021.1/sysroots/cortexa72-cortexa53-xilinx-linux' '-mcpu=cortex-a72.cortex-a53' '-march=armv8-a+crc' '-fstack-protector-strong' '-D' '_FORTIFY_SOURCE=2' '-Wformat=1' '-Wformat-security' '-Werror=format-security' '-O2' '-pipe' '-g' '-feliminate-unused-debug-types' '-v' '-o' 'cmTC_568fe' '-mlittle-endian' '-mabi=lp64']
  link line: [ /opt/petalinux/2021.1/sysroots/x86_64-petalinux-linux/usr/libexec/aarch64-xilinx-linux/gcc/aarch64-xilinx-linux/10.2.0/collect2 -plugin /opt/petalinux/2021.1/sysroots/x86_64-petalinux-linux/usr/libexec/aarch64-xilinx-linux/gcc/aarch64-xilinx-linux/10.2.0/liblto_plugin.so -plugin-opt=/opt/petalinux/2021.1/sysroots/x86_64-petalinux-linux/usr/libexec/aarch64-xilinx-linux/gcc/aarch64-xilinx-linux/10.2.0/lto-wrapper -plugin-opt=-fresolution=/tmp/ccXOXgie.res -plugin-opt=-pass-through=-lgcc -plugin-opt=-pass-through=-lgcc_s -plugin-opt=-pass-through=-lc -plugin-opt=-pass-through=-lgcc -plugin-opt=-pass-through=-lgcc_s --sysroot=/opt/petalinux/2021.1/sysroots/cortexa72-cortexa53-xilinx-linux --build-id --eh-frame-hdr --hash-style=gnu -dynamic-linker /lib/ld-linux-aarch64.so.1 -X -EL -maarch64linux -pie -o cmTC_568fe /opt/petalinux/2021.1/sysroots/cortexa72-cortexa53-xilinx-linux/usr/lib/Scrt1.o /opt/petalinux/2021.1/sysroots/cortexa72-cortexa53-xilinx-linux/usr/lib/crti.o /opt/petalinux/2021.1/sysroots/cortexa72-cortexa53-xilinx-linux/usr/lib/aarch64-xilinx-linux/10.2.0/crtbeginS.o -L/opt/petalinux/2021.1/sysroots/x86_64-petalinux-linux/usr/lib/aarch64-xilinx-linux/gcc/aarch64-xilinx-linux/10.2.0 -L/opt/petalinux/2021.1/sysroots/cortexa72-cortexa53-xilinx-linux/lib -L/opt/petalinux/2021.1/sysroots/cortexa72-cortexa53-xilinx-linux/usr/lib/aarch64-xilinx-linux/10.2.0 -L/opt/petalinux/2021.1/sysroots/cortexa72-cortexa53-xilinx-linux/usr/lib -O1 --hash-style=gnu --as-needed -z relro -z now CMakeFiles/cmTC_568fe.dir/CMakeCCompilerABI.c.o -lgcc --push-state --as-needed -lgcc_s --pop-state -lc -lgcc --push-state --as-needed -lgcc_s --pop-state /opt/petalinux/2021.1/sysroots/cortexa72-cortexa53-xilinx-linux/usr/lib/aarch64-xilinx-linux/10.2.0/crtendS.o /opt/petalinux/2021.1/sysroots/cortexa72-cortexa53-xilinx-linux/usr/lib/crtn.o]
    arg [/opt/petalinux/2021.1/sysroots/x86_64-petalinux-linux/usr/libexec/aarch64-xilinx-linux/gcc/aarch64-xilinx-linux/10.2.0/collect2] ==> ignore
    arg [-plugin] ==> ignore
    arg [/opt/petalinux/2021.1/sysroots/x86_64-petalinux-linux/usr/libexec/aarch64-xilinx-linux/gcc/aarch64-xilinx-linux/10.2.0/liblto_plugin.so] ==> ignore
    arg [-plugin-opt=/opt/petalinux/2021.1/sysroots/x86_64-petalinux-linux/usr/libexec/aarch64-xilinx-linux/gcc/aarch64-xilinx-linux/10.2.0/lto-wrapper] ==> ignore
    arg [-plugin-opt=-fresolution=/tmp/ccXOXgie.res] ==> ignore
    arg [-plugin-opt=-pass-through=-lgcc] ==> ignore
    arg [-plugin-opt=-pass-through=-lgcc_s] ==> ignore
    arg [-plugin-opt=-pass-through=-lc] ==> ignore
    arg [-plugin-opt=-pass-through=-lgcc] ==> ignore
    arg [-plugin-opt=-pass-through=-lgcc_s] ==> ignore
    arg [--sysroot=/opt/petalinux/2021.1/sysroots/cortexa72-cortexa53-xilinx-linux] ==> ignore
    arg [--build-id] ==> ignore
    arg [--eh-frame-hdr] ==> ignore
    arg [--hash-style=gnu] ==> ignore
    arg [-dynamic-linker] ==> ignore
    arg [/lib/ld-linux-aarch64.so.1] ==> ignore
    arg [-X] ==> ignore
    arg [-EL] ==> ignore
    arg [-maarch64linux] ==> ignore
    arg [-pie] ==> ignore
    arg [-o] ==> ignore
    arg [cmTC_568fe] ==> ignore
    arg [/opt/petalinux/2021.1/sysroots/cortexa72-cortexa53-xilinx-linux/usr/lib/Scrt1.o] ==> ignore
    arg [/opt/petalinux/2021.1/sysroots/cortexa72-cortexa53-xilinx-linux/usr/lib/crti.o] ==> ignore
    arg [/opt/petalinux/2021.1/sysroots/cortexa72-cortexa53-xilinx-linux/usr/lib/aarch64-xilinx-linux/10.2.0/crtbeginS.o] ==> ignore
    arg [-L/opt/petalinux/2021.1/sysroots/x86_64-petalinux-linux/usr/lib/aarch64-xilinx-linux/gcc/aarch64-xilinx-linux/10.2.0] ==> dir [/opt/petalinux/2021.1/sysroots/x86_64-petalinux-linux/usr/lib/aarch64-xilinx-linux/gcc/aarch64-xilinx-linux/10.2.0]
    arg [-L/opt/petalinux/2021.1/sysroots/cortexa72-cortexa53-xilinx-linux/lib] ==> dir [/opt/petalinux/2021.1/sysroots/cortexa72-cortexa53-xilinx-linux/lib]
    arg [-L/opt/petalinux/2021.1/sysroots/cortexa72-cortexa53-xilinx-linux/usr/lib/aarch64-xilinx-linux/10.2.0] ==> dir [/opt/petalinux/2021.1/sysroots/cortexa72-cortexa53-xilinx-linux/usr/lib/aarch64-xilinx-linux/10.2.0]
    arg [-L/opt/petalinux/2021.1/sysroots/cortexa72-cortexa53-xilinx-linux/usr/lib] ==> dir [/opt/petalinux/2021.1/sysroots/cortexa72-cortexa53-xilinx-linux/usr/lib]
    arg [-O1] ==> ignore
    arg [--hash-style=gnu] ==> ignore
    arg [--as-needed] ==> ignore
    arg [-zrelro] ==> ignore
    arg [-znow] ==> ignore
    arg [CMakeFiles/cmTC_568fe.dir/CMakeCCompilerABI.c.o] ==> ignore
    arg [-lgcc] ==> lib [gcc]
    arg [--push-state] ==> ignore
    arg [--as-needed] ==> ignore
    arg [-lgcc_s] ==> lib [gcc_s]
    arg [--pop-state] ==> ignore
    arg [-lc] ==> lib [c]
    arg [-lgcc] ==> lib [gcc]
    arg [--push-state] ==> ignore
    arg [--as-needed] ==> ignore
    arg [-lgcc_s] ==> lib [gcc_s]
    arg [--pop-state] ==> ignore
    arg [/opt/petalinux/2021.1/sysroots/cortexa72-cortexa53-xilinx-linux/usr/lib/aarch64-xilinx-linux/10.2.0/crtendS.o] ==> ignore
    arg [/opt/petalinux/2021.1/sysroots/cortexa72-cortexa53-xilinx-linux/usr/lib/crtn.o] ==> ignore
  collapse library dir [/opt/petalinux/2021.1/sysroots/x86_64-petalinux-linux/usr/lib/aarch64-xilinx-linux/gcc/aarch64-xilinx-linux/10.2.0] ==> [/opt/petalinux/2021.1/sysroots/x86_64-petalinux-linux/usr/lib/aarch64-xilinx-linux/gcc/aarch64-xilinx-linux/10.2.0]
  collapse library dir [/opt/petalinux/2021.1/sysroots/cortexa72-cortexa53-xilinx-linux/lib] ==> [/opt/petalinux/2021.1/sysroots/cortexa72-cortexa53-xilinx-linux/lib]
  collapse library dir [/opt/petalinux/2021.1/sysroots/cortexa72-cortexa53-xilinx-linux/usr/lib/aarch64-xilinx-linux/10.2.0] ==> [/opt/petalinux/2021.1/sysroots/cortexa72-cortexa53-xilinx-linux/usr/lib/aarch64-xilinx-linux/10.2.0]
  collapse library dir [/opt/petalinux/2021.1/sysroots/cortexa72-cortexa53-xilinx-linux/usr/lib] ==> [/opt/petalinux/2021.1/sysroots/cortexa72-cortexa53-xilinx-linux/usr/lib]
  implicit libs: [gcc;gcc_s;c;gcc;gcc_s]
  implicit dirs: [/opt/petalinux/2021.1/sysroots/x86_64-petalinux-linux/usr/lib/aarch64-xilinx-linux/gcc/aarch64-xilinx-linux/10.2.0;/opt/petalinux/2021.1/sysroots/cortexa72-cortexa53-xilinx-linux/lib;/opt/petalinux/2021.1/sysroots/cortexa72-cortexa53-xilinx-linux/usr/lib/aarch64-xilinx-linux/10.2.0;/opt/petalinux/2021.1/sysroots/cortexa72-cortexa53-xilinx-linux/usr/lib]
  implicit fwks: []


Detecting CXX compiler ABI info compiled with the following output:
Change Dir: /home/tos/kria/accAlert/build/CMakeFiles/CMakeTmp

Run Build Command(s):/usr/bin/make cmTC_a989d/fast && /usr/bin/make  -f CMakeFiles/cmTC_a989d.dir/build.make CMakeFiles/cmTC_a989d.dir/build
make[1]: Entering directory '/home/tos/kria/accAlert/build/CMakeFiles/CMakeTmp'
Building CXX object CMakeFiles/cmTC_a989d.dir/CMakeCXXCompilerABI.cpp.o
/opt/petalinux/2021.1/sysroots/x86_64-petalinux-linux/usr/bin/aarch64-xilinx-linux/aarch64-xilinx-linux-g++   -mcpu=cortex-a72.cortex-a53 -march=armv8-a+crc -fstack-protector-strong  -D_FORTIFY_SOURCE=2 -Wformat -Wformat-security -Werror=format-security --sysroot=/opt/petalinux/2021.1/sysroots/cortexa72-cortexa53-xilinx-linux --sysroot=/opt/petalinux/2021.1/sysroots/cortexa72-cortexa53-xilinx-linux   -O2 -pipe -g -feliminate-unused-debug-types     -v -o CMakeFiles/cmTC_a989d.dir/CMakeCXXCompilerABI.cpp.o -c /opt/petalinux/2021.1/sysroots/x86_64-petalinux-linux/usr/share/cmake-3.18/Modules/CMakeCXXCompilerABI.cpp
Using built-in specs.
COLLECT_GCC=/opt/petalinux/2021.1/sysroots/x86_64-petalinux-linux/usr/bin/aarch64-xilinx-linux/aarch64-xilinx-linux-g++
Target: aarch64-xilinx-linux
Configured with: ../../../../../../work-shared/gcc-10.2.0-r0/gcc-10.2.0/configure --build=x86_64-linux --host=x86_64-petalinux-linux --target=aarch64-xilinx-linux --prefix=/opt/petalinux/2021.1/sysroots/x86_64-petalinux-linux/usr --exec_prefix=/opt/petalinux/2021.1/sysroots/x86_64-petalinux-linux/usr --bindir=/opt/petalinux/2021.1/sysroots/x86_64-petalinux-linux/usr/bin/aarch64-xilinx-linux --sbindir=/opt/petalinux/2021.1/sysroots/x86_64-petalinux-linux/usr/bin/aarch64-xilinx-linux --libexecdir=/opt/petalinux/2021.1/sysroots/x86_64-petalinux-linux/usr/libexec/aarch64-xilinx-linux --datadir=/opt/petalinux/2021.1/sysroots/x86_64-petalinux-linux/usr/share --sysconfdir=/opt/petalinux/2021.1/sysroots/x86_64-petalinux-linux/etc --sharedstatedir=/opt/petalinux/2021.1/sysroots/x86_64-petalinux-linux/com --localstatedir=/opt/petalinux/2021.1/sysroots/x86_64-petalinux-linux/var --libdir=/opt/petalinux/2021.1/sysroots/x86_64-petalinux-linux/usr/lib/aarch64-xilinx-linux --includedir=/opt/petalinux/2021.1/sysroots/x86_64-petalinux-linux/usr/include --oldincludedir=/opt/petalinux/2021.1/sysroots/x86_64-petalinux-linux/usr/include --infodir=/opt/petalinux/2021.1/sysroots/x86_64-petalinux-linux/usr/share/info --mandir=/opt/petalinux/2021.1/sysroots/x86_64-petalinux-linux/usr/share/man --disable-silent-rules --disable-dependency-tracking --with-libtool-sysroot=/scratch/jenkins-BUILDS-eSDK-2021.1_stable-pipeline-build-190_ZynqMpEvFull/build/tmp/work/x86_64-nativesdk-petalinux-linux/gcc-cross-canadian-aarch64/10.2.0-r0/recipe-sysroot --with-gnu-ld --enable-shared --enable-languages=c,c++ --enable-threads=posix --enable-multilib --enable-default-pie --enable-c99 --enable-long-long --enable-symvers=gnu --enable-libstdcxx-pch --program-prefix=aarch64-xilinx-linux- --without-local-prefix --disable-install-libiberty --enable-lto --disable-libssp --enable-libitm --disable-bootstrap --with-system-zlib --with-linker-hash-style=gnu --enable-linker-build-id --with-ppl=no --with-cloog=no --enable-checking=release --enable-cheaders=c_global --without-isl --with-gxx-include-dir=/not/exist/usr/include/c++/10.2.0 --with-build-time-tools=/scratch/jenkins-BUILDS-eSDK-2021.1_stable-pipeline-build-190_ZynqMpEvFull/build/tmp/work/x86_64-nativesdk-petalinux-linux/gcc-cross-canadian-aarch64/10.2.0-r0/recipe-sysroot-native/usr/aarch64-xilinx-linux/bin --with-sysroot=/not/exist --with-build-sysroot=/scratch/jenkins-BUILDS-eSDK-2021.1_stable-pipeline-build-190_ZynqMpEvFull/build/tmp/work/x86_64-nativesdk-petalinux-linux/gcc-cross-canadian-aarch64/10.2.0-r0/recipe-sysroot --enable-poison-system-directories --disable-static --enable-nls --with-glibc-version=2.28 --enable-initfini-array --enable-__cxa_atexit
Thread model: posix
Supported LTO compression algorithms: zlib
gcc version 10.2.0 (GCC) 
COLLECT_GCC_OPTIONS='--sysroot=/opt/petalinux/2021.1/sysroots/cortexa72-cortexa53-xilinx-linux' '-mcpu=cortex-a72.cortex-a53' '-march=armv8-a+crc' '-fstack-protector-strong' '-D' '_FORTIFY_SOURCE=2' '-Wformat=1' '-Wformat-security' '-Werror=format-security' '-O2' '-pipe' '-g' '-feliminate-unused-debug-types' '-v' '-o' 'CMakeFiles/cmTC_a989d.dir/CMakeCXXCompilerABI.cpp.o' '-c' '-shared-libgcc' '-mlittle-endian' '-mabi=lp64'
 /opt/petalinux/2021.1/sysroots/x86_64-petalinux-linux/usr/libexec/aarch64-xilinx-linux/gcc/aarch64-xilinx-linux/10.2.0/cc1plus -quiet -v -isysroot /opt/petalinux/2021.1/sysroots/cortexa72-cortexa53-xilinx-linux -D_GNU_SOURCE -D _FORTIFY_SOURCE=2 /opt/petalinux/2021.1/sysroots/x86_64-petalinux-linux/usr/share/cmake-3.18/Modules/CMakeCXXCompilerABI.cpp -quiet -dumpbase CMakeCXXCompilerABI.cpp -mcpu=cortex-a72.cortex-a53 -march=armv8-a+crc -mlittle-endian -mabi=lp64 -auxbase-strip CMakeFiles/cmTC_a989d.dir/CMakeCXXCompilerABI.cpp.o -g -O2 -Wformat=1 -Wformat-security -Werror=format-security -version -fstack-protector-strong -feliminate-unused-debug-types -o - |
 /opt/petalinux/2021.1/sysroots/x86_64-petalinux-linux/usr/libexec/aarch64-xilinx-linux/gcc/aarch64-xilinx-linux/10.2.0/as -v -EL -march=armv8-a+crc -march=armv8-a+crc -mabi=lp64 -o CMakeFiles/cmTC_a989d.dir/CMakeCXXCompilerABI.cpp.o
GNU assembler version 2.35.1 (aarch64-xilinx-linux) using BFD version (GNU Binutils) 2.35.1
GNU C++14 (GCC) version 10.2.0 (aarch64-xilinx-linux)
	compiled by GNU C version 10.2.0, GMP version 6.2.0, MPFR version 4.1.0, MPC version 1.2.0, isl version none
GGC heuristics: --param ggc-min-expand=100 --param ggc-min-heapsize=131072
ignoring nonexistent directory "/opt/petalinux/2021.1/sysroots/cortexa72-cortexa53-xilinx-linux/usr/local/include"
ignoring nonexistent directory "/opt/petalinux/2021.1/sysroots/x86_64-petalinux-linux/usr/lib/aarch64-xilinx-linux/gcc/aarch64-xilinx-linux/10.2.0/../../../../../aarch64-xilinx-linux/include"
#include "..." search starts here:
#include <...> search starts here:
 /opt/petalinux/2021.1/sysroots/cortexa72-cortexa53-xilinx-linux/usr/include/c++/10.2.0
 /opt/petalinux/2021.1/sysroots/cortexa72-cortexa53-xilinx-linux/usr/include/c++/10.2.0/aarch64-xilinx-linux
 /opt/petalinux/2021.1/sysroots/cortexa72-cortexa53-xilinx-linux/usr/include/c++/10.2.0/backward
 /opt/petalinux/2021.1/sysroots/x86_64-petalinux-linux/usr/lib/aarch64-xilinx-linux/gcc/aarch64-xilinx-linux/10.2.0/include
 /opt/petalinux/2021.1/sysroots/cortexa72-cortexa53-xilinx-linux/usr/lib/aarch64-xilinx-linux/10.2.0/include
 /opt/petalinux/2021.1/sysroots/x86_64-petalinux-linux/usr/lib/aarch64-xilinx-linux/gcc/aarch64-xilinx-linux/10.2.0/include-fixed
 /opt/petalinux/2021.1/sysroots/cortexa72-cortexa53-xilinx-linux/usr/include/
End of search list.
GNU C++14 (GCC) version 10.2.0 (aarch64-xilinx-linux)
	compiled by GNU C version 10.2.0, GMP version 6.2.0, MPFR version 4.1.0, MPC version 1.2.0, isl version none
GGC heuristics: --param ggc-min-expand=100 --param ggc-min-heapsize=131072
Compiler executable checksum: 8b7faf8e8794a90607169eb43599d68e
COMPILER_PATH=/opt/petalinux/2021.1/sysroots/x86_64-petalinux-linux/usr/libexec/aarch64-xilinx-linux/gcc/aarch64-xilinx-linux/10.2.0/:/opt/petalinux/2021.1/sysroots/x86_64-petalinux-linux/usr/libexec/aarch64-xilinx-linux/gcc/aarch64-xilinx-linux/10.2.0/:/opt/petalinux/2021.1/sysroots/x86_64-petalinux-linux/usr/libexec/aarch64-xilinx-linux/gcc/aarch64-xilinx-linux/:/opt/petalinux/2021.1/sysroots/x86_64-petalinux-linux/usr/lib/aarch64-xilinx-linux/gcc/aarch64-xilinx-linux/10.2.0/:/opt/petalinux/2021.1/sysroots/x86_64-petalinux-linux/usr/lib/aarch64-xilinx-linux/gcc/aarch64-xilinx-linux/
LIBRARY_PATH=/opt/petalinux/2021.1/sysroots/x86_64-petalinux-linux/usr/lib/aarch64-xilinx-linux/gcc/aarch64-xilinx-linux/10.2.0/:/opt/petalinux/2021.1/sysroots/cortexa72-cortexa53-xilinx-linux/lib/:/opt/petalinux/2021.1/sysroots/cortexa72-cortexa53-xilinx-linux/usr/lib/aarch64-xilinx-linux/10.2.0/:/opt/petalinux/2021.1/sysroots/cortexa72-cortexa53-xilinx-linux/usr/lib/
COLLECT_GCC_OPTIONS='--sysroot=/opt/petalinux/2021.1/sysroots/cortexa72-cortexa53-xilinx-linux' '-mcpu=cortex-a72.cortex-a53' '-march=armv8-a+crc' '-fstack-protector-strong' '-D' '_FORTIFY_SOURCE=2' '-Wformat=1' '-Wformat-security' '-Werror=format-security' '-O2' '-pipe' '-g' '-feliminate-unused-debug-types' '-v' '-o' 'CMakeFiles/cmTC_a989d.dir/CMakeCXXCompilerABI.cpp.o' '-c' '-shared-libgcc' '-mlittle-endian' '-mabi=lp64'
Linking CXX executable cmTC_a989d
/opt/petalinux/2021.1/sysroots/x86_64-petalinux-linux/usr/bin/cmake -E cmake_link_script CMakeFiles/cmTC_a989d.dir/link.txt --verbose=1
/opt/petalinux/2021.1/sysroots/x86_64-petalinux-linux/usr/bin/aarch64-xilinx-linux/aarch64-xilinx-linux-g++   -mcpu=cortex-a72.cortex-a53 -march=armv8-a+crc -fstack-protector-strong  -D_FORTIFY_SOURCE=2 -Wformat -Wformat-security -Werror=format-security --sysroot=/opt/petalinux/2021.1/sysroots/cortexa72-cortexa53-xilinx-linux --sysroot=/opt/petalinux/2021.1/sysroots/cortexa72-cortexa53-xilinx-linux  -O2 -pipe -g -feliminate-unused-debug-types   -Wl,-O1 -Wl,--hash-style=gnu -Wl,--as-needed -Wl,-z,relro,-z,now -v CMakeFiles/cmTC_a989d.dir/CMakeCXXCompilerABI.cpp.o -o cmTC_a989d 
Using built-in specs.
COLLECT_GCC=/opt/petalinux/2021.1/sysroots/x86_64-petalinux-linux/usr/bin/aarch64-xilinx-linux/aarch64-xilinx-linux-g++
COLLECT_LTO_WRAPPER=/opt/petalinux/2021.1/sysroots/x86_64-petalinux-linux/usr/libexec/aarch64-xilinx-linux/gcc/aarch64-xilinx-linux/10.2.0/lto-wrapper
Target: aarch64-xilinx-linux
Configured with: ../../../../../../work-shared/gcc-10.2.0-r0/gcc-10.2.0/configure --build=x86_64-linux --host=x86_64-petalinux-linux --target=aarch64-xilinx-linux --prefix=/opt/petalinux/2021.1/sysroots/x86_64-petalinux-linux/usr --exec_prefix=/opt/petalinux/2021.1/sysroots/x86_64-petalinux-linux/usr --bindir=/opt/petalinux/2021.1/sysroots/x86_64-petalinux-linux/usr/bin/aarch64-xilinx-linux --sbindir=/opt/petalinux/2021.1/sysroots/x86_64-petalinux-linux/usr/bin/aarch64-xilinx-linux --libexecdir=/opt/petalinux/2021.1/sysroots/x86_64-petalinux-linux/usr/libexec/aarch64-xilinx-linux --datadir=/opt/petalinux/2021.1/sysroots/x86_64-petalinux-linux/usr/share --sysconfdir=/opt/petalinux/2021.1/sysroots/x86_64-petalinux-linux/etc --sharedstatedir=/opt/petalinux/2021.1/sysroots/x86_64-petalinux-linux/com --localstatedir=/opt/petalinux/2021.1/sysroots/x86_64-petalinux-linux/var --libdir=/opt/petalinux/2021.1/sysroots/x86_64-petalinux-linux/usr/lib/aarch64-xilinx-linux --includedir=/opt/petalinux/2021.1/sysroots/x86_64-petalinux-linux/usr/include --oldincludedir=/opt/petalinux/2021.1/sysroots/x86_64-petalinux-linux/usr/include --infodir=/opt/petalinux/2021.1/sysroots/x86_64-petalinux-linux/usr/share/info --mandir=/opt/petalinux/2021.1/sysroots/x86_64-petalinux-linux/usr/share/man --disable-silent-rules --disable-dependency-tracking --with-libtool-sysroot=/scratch/jenkins-BUILDS-eSDK-2021.1_stable-pipeline-build-190_ZynqMpEvFull/build/tmp/work/x86_64-nativesdk-petalinux-linux/gcc-cross-canadian-aarch64/10.2.0-r0/recipe-sysroot --with-gnu-ld --enable-shared --enable-languages=c,c++ --enable-threads=posix --enable-multilib --enable-default-pie --enable-c99 --enable-long-long --enable-symvers=gnu --enable-libstdcxx-pch --program-prefix=aarch64-xilinx-linux- --without-local-prefix --disable-install-libiberty --enable-lto --disable-libssp --enable-libitm --disable-bootstrap --with-system-zlib --with-linker-hash-style=gnu --enable-linker-build-id --with-ppl=no --with-cloog=no --enable-checking=release --enable-cheaders=c_global --without-isl --with-gxx-include-dir=/not/exist/usr/include/c++/10.2.0 --with-build-time-tools=/scratch/jenkins-BUILDS-eSDK-2021.1_stable-pipeline-build-190_ZynqMpEvFull/build/tmp/work/x86_64-nativesdk-petalinux-linux/gcc-cross-canadian-aarch64/10.2.0-r0/recipe-sysroot-native/usr/aarch64-xilinx-linux/bin --with-sysroot=/not/exist --with-build-sysroot=/scratch/jenkins-BUILDS-eSDK-2021.1_stable-pipeline-build-190_ZynqMpEvFull/build/tmp/work/x86_64-nativesdk-petalinux-linux/gcc-cross-canadian-aarch64/10.2.0-r0/recipe-sysroot --enable-poison-system-directories --disable-static --enable-nls --with-glibc-version=2.28 --enable-initfini-array --enable-__cxa_atexit
Thread model: posix
Supported LTO compression algorithms: zlib
gcc version 10.2.0 (GCC) 
COMPILER_PATH=/opt/petalinux/2021.1/sysroots/x86_64-petalinux-linux/usr/libexec/aarch64-xilinx-linux/gcc/aarch64-xilinx-linux/10.2.0/:/opt/petalinux/2021.1/sysroots/x86_64-petalinux-linux/usr/libexec/aarch64-xilinx-linux/gcc/aarch64-xilinx-linux/10.2.0/:/opt/petalinux/2021.1/sysroots/x86_64-petalinux-linux/usr/libexec/aarch64-xilinx-linux/gcc/aarch64-xilinx-linux/:/opt/petalinux/2021.1/sysroots/x86_64-petalinux-linux/usr/lib/aarch64-xilinx-linux/gcc/aarch64-xilinx-linux/10.2.0/:/opt/petalinux/2021.1/sysroots/x86_64-petalinux-linux/usr/lib/aarch64-xilinx-linux/gcc/aarch64-xilinx-linux/
LIBRARY_PATH=/opt/petalinux/2021.1/sysroots/x86_64-petalinux-linux/usr/lib/aarch64-xilinx-linux/gcc/aarch64-xilinx-linux/10.2.0/:/opt/petalinux/2021.1/sysroots/cortexa72-cortexa53-xilinx-linux/lib/:/opt/petalinux/2021.1/sysroots/cortexa72-cortexa53-xilinx-linux/usr/lib/aarch64-xilinx-linux/10.2.0/:/opt/petalinux/2021.1/sysroots/cortexa72-cortexa53-xilinx-linux/usr/lib/
COLLECT_GCC_OPTIONS='--sysroot=/opt/petalinux/2021.1/sysroots/cortexa72-cortexa53-xilinx-linux' '-mcpu=cortex-a72.cortex-a53' '-march=armv8-a+crc' '-fstack-protector-strong' '-D' '_FORTIFY_SOURCE=2' '-Wformat=1' '-Wformat-security' '-Werror=format-security' '-O2' '-pipe' '-g' '-feliminate-unused-debug-types' '-v' '-o' 'cmTC_a989d' '-shared-libgcc' '-mlittle-endian' '-mabi=lp64'
 /opt/petalinux/2021.1/sysroots/x86_64-petalinux-linux/usr/libexec/aarch64-xilinx-linux/gcc/aarch64-xilinx-linux/10.2.0/collect2 -plugin /opt/petalinux/2021.1/sysroots/x86_64-petalinux-linux/usr/libexec/aarch64-xilinx-linux/gcc/aarch64-xilinx-linux/10.2.0/liblto_plugin.so -plugin-opt=/opt/petalinux/2021.1/sysroots/x86_64-petalinux-linux/usr/libexec/aarch64-xilinx-linux/gcc/aarch64-xilinx-linux/10.2.0/lto-wrapper -plugin-opt=-fresolution=/tmp/ccnAKpFe.res -plugin-opt=-pass-through=-lgcc_s -plugin-opt=-pass-through=-lgcc -plugin-opt=-pass-through=-lc -plugin-opt=-pass-through=-lgcc_s -plugin-opt=-pass-through=-lgcc --sysroot=/opt/petalinux/2021.1/sysroots/cortexa72-cortexa53-xilinx-linux --build-id --eh-frame-hdr --hash-style=gnu -dynamic-linker /lib/ld-linux-aarch64.so.1 -X -EL -maarch64linux -pie -o cmTC_a989d /opt/petalinux/2021.1/sysroots/cortexa72-cortexa53-xilinx-linux/usr/lib/Scrt1.o /opt/petalinux/2021.1/sysroots/cortexa72-cortexa53-xilinx-linux/usr/lib/crti.o /opt/petalinux/2021.1/sysroots/cortexa72-cortexa53-xilinx-linux/usr/lib/aarch64-xilinx-linux/10.2.0/crtbeginS.o -L/opt/petalinux/2021.1/sysroots/x86_64-petalinux-linux/usr/lib/aarch64-xilinx-linux/gcc/aarch64-xilinx-linux/10.2.0 -L/opt/petalinux/2021.1/sysroots/cortexa72-cortexa53-xilinx-linux/lib -L/opt/petalinux/2021.1/sysroots/cortexa72-cortexa53-xilinx-linux/usr/lib/aarch64-xilinx-linux/10.2.0 -L/opt/petalinux/2021.1/sysroots/cortexa72-cortexa53-xilinx-linux/usr/lib -O1 --hash-style=gnu --as-needed -z relro -z now CMakeFiles/cmTC_a989d.dir/CMakeCXXCompilerABI.cpp.o -lstdc++ -lm -lgcc_s -lgcc -lc -lgcc_s -lgcc /opt/petalinux/2021.1/sysroots/cortexa72-cortexa53-xilinx-linux/usr/lib/aarch64-xilinx-linux/10.2.0/crtendS.o /opt/petalinux/2021.1/sysroots/cortexa72-cortexa53-xilinx-linux/usr/lib/crtn.o
COLLECT_GCC_OPTIONS='--sysroot=/opt/petalinux/2021.1/sysroots/cortexa72-cortexa53-xilinx-linux' '-mcpu=cortex-a72.cortex-a53' '-march=armv8-a+crc' '-fstack-protector-strong' '-D' '_FORTIFY_SOURCE=2' '-Wformat=1' '-Wformat-security' '-Werror=format-security' '-O2' '-pipe' '-g' '-feliminate-unused-debug-types' '-v' '-o' 'cmTC_a989d' '-shared-libgcc' '-mlittle-endian' '-mabi=lp64'
make[1]: Leaving directory '/home/tos/kria/accAlert/build/CMakeFiles/CMakeTmp'



Parsed CXX implicit include dir info from above output: rv=done
  found start of include info
  found start of implicit include info
    add: [/opt/petalinux/2021.1/sysroots/cortexa72-cortexa53-xilinx-linux/usr/include/c++/10.2.0]
    add: [/opt/petalinux/2021.1/sysroots/cortexa72-cortexa53-xilinx-linux/usr/include/c++/10.2.0/aarch64-xilinx-linux]
    add: [/opt/petalinux/2021.1/sysroots/cortexa72-cortexa53-xilinx-linux/usr/include/c++/10.2.0/backward]
    add: [/opt/petalinux/2021.1/sysroots/x86_64-petalinux-linux/usr/lib/aarch64-xilinx-linux/gcc/aarch64-xilinx-linux/10.2.0/include]
    add: [/opt/petalinux/2021.1/sysroots/cortexa72-cortexa53-xilinx-linux/usr/lib/aarch64-xilinx-linux/10.2.0/include]
    add: [/opt/petalinux/2021.1/sysroots/x86_64-petalinux-linux/usr/lib/aarch64-xilinx-linux/gcc/aarch64-xilinx-linux/10.2.0/include-fixed]
    add: [/opt/petalinux/2021.1/sysroots/cortexa72-cortexa53-xilinx-linux/usr/include/]
  end of search list found
  collapse include dir [/opt/petalinux/2021.1/sysroots/cortexa72-cortexa53-xilinx-linux/usr/include/c++/10.2.0] ==> [/opt/petalinux/2021.1/sysroots/cortexa72-cortexa53-xilinx-linux/usr/include/c++/10.2.0]
  collapse include dir [/opt/petalinux/2021.1/sysroots/cortexa72-cortexa53-xilinx-linux/usr/include/c++/10.2.0/aarch64-xilinx-linux] ==> [/opt/petalinux/2021.1/sysroots/cortexa72-cortexa53-xilinx-linux/usr/include/c++/10.2.0/aarch64-xilinx-linux]
  collapse include dir [/opt/petalinux/2021.1/sysroots/cortexa72-cortexa53-xilinx-linux/usr/include/c++/10.2.0/backward] ==> [/opt/petalinux/2021.1/sysroots/cortexa72-cortexa53-xilinx-linux/usr/include/c++/10.2.0/backward]
  collapse include dir [/opt/petalinux/2021.1/sysroots/x86_64-petalinux-linux/usr/lib/aarch64-xilinx-linux/gcc/aarch64-xilinx-linux/10.2.0/include] ==> [/opt/petalinux/2021.1/sysroots/x86_64-petalinux-linux/usr/lib/aarch64-xilinx-linux/gcc/aarch64-xilinx-linux/10.2.0/include]
  collapse include dir [/opt/petalinux/2021.1/sysroots/cortexa72-cortexa53-xilinx-linux/usr/lib/aarch64-xilinx-linux/10.2.0/include] ==> [/opt/petalinux/2021.1/sysroots/cortexa72-cortexa53-xilinx-linux/usr/lib/aarch64-xilinx-linux/10.2.0/include]
  collapse include dir [/opt/petalinux/2021.1/sysroots/x86_64-petalinux-linux/usr/lib/aarch64-xilinx-linux/gcc/aarch64-xilinx-linux/10.2.0/include-fixed] ==> [/opt/petalinux/2021.1/sysroots/x86_64-petalinux-linux/usr/lib/aarch64-xilinx-linux/gcc/aarch64-xilinx-linux/10.2.0/include-fixed]
  collapse include dir [/opt/petalinux/2021.1/sysroots/cortexa72-cortexa53-xilinx-linux/usr/include/] ==> [/opt/petalinux/2021.1/sysroots/cortexa72-cortexa53-xilinx-linux/usr/include]
  implicit include dirs: [/opt/petalinux/2021.1/sysroots/cortexa72-cortexa53-xilinx-linux/usr/include/c++/10.2.0;/opt/petalinux/2021.1/sysroots/cortexa72-cortexa53-xilinx-linux/usr/include/c++/10.2.0/aarch64-xilinx-linux;/opt/petalinux/2021.1/sysroots/cortexa72-cortexa53-xilinx-linux/usr/include/c++/10.2.0/backward;/opt/petalinux/2021.1/sysroots/x86_64-petalinux-linux/usr/lib/aarch64-xilinx-linux/gcc/aarch64-xilinx-linux/10.2.0/include;/opt/petalinux/2021.1/sysroots/cortexa72-cortexa53-xilinx-linux/usr/lib/aarch64-xilinx-linux/10.2.0/include;/opt/petalinux/2021.1/sysroots/x86_64-petalinux-linux/usr/lib/aarch64-xilinx-linux/gcc/aarch64-xilinx-linux/10.2.0/include-fixed;/opt/petalinux/2021.1/sysroots/cortexa72-cortexa53-xilinx-linux/usr/include]


Parsed CXX implicit link information from above output:
  link line regex: [^( *|.*[/\])(aarch64-xilinx-linux-ld|CMAKE_LINK_STARTFILE-NOTFOUND|([^/\]+-)?ld|collect2)[^/\]*( |$)]
  ignore line: [Change Dir: /home/tos/kria/accAlert/build/CMakeFiles/CMakeTmp]
  ignore line: []
  ignore line: [Run Build Command(s):/usr/bin/make cmTC_a989d/fast && /usr/bin/make  -f CMakeFiles/cmTC_a989d.dir/build.make CMakeFiles/cmTC_a989d.dir/build]
  ignore line: [make[1]: Entering directory '/home/tos/kria/accAlert/build/CMakeFiles/CMakeTmp']
  ignore line: [Building CXX object CMakeFiles/cmTC_a989d.dir/CMakeCXXCompilerABI.cpp.o]
  ignore line: [/opt/petalinux/2021.1/sysroots/x86_64-petalinux-linux/usr/bin/aarch64-xilinx-linux/aarch64-xilinx-linux-g++   -mcpu=cortex-a72.cortex-a53 -march=armv8-a+crc -fstack-protector-strong  -D_FORTIFY_SOURCE=2 -Wformat -Wformat-security -Werror=format-security --sysroot=/opt/petalinux/2021.1/sysroots/cortexa72-cortexa53-xilinx-linux --sysroot=/opt/petalinux/2021.1/sysroots/cortexa72-cortexa53-xilinx-linux   -O2 -pipe -g -feliminate-unused-debug-types     -v -o CMakeFiles/cmTC_a989d.dir/CMakeCXXCompilerABI.cpp.o -c /opt/petalinux/2021.1/sysroots/x86_64-petalinux-linux/usr/share/cmake-3.18/Modules/CMakeCXXCompilerABI.cpp]
  ignore line: [Using built-in specs.]
  ignore line: [COLLECT_GCC=/opt/petalinux/2021.1/sysroots/x86_64-petalinux-linux/usr/bin/aarch64-xilinx-linux/aarch64-xilinx-linux-g++]
  ignore line: [Target: aarch64-xilinx-linux]
  ignore line: [Configured with: ../../../../../../work-shared/gcc-10.2.0-r0/gcc-10.2.0/configure --build=x86_64-linux --host=x86_64-petalinux-linux --target=aarch64-xilinx-linux --prefix=/opt/petalinux/2021.1/sysroots/x86_64-petalinux-linux/usr --exec_prefix=/opt/petalinux/2021.1/sysroots/x86_64-petalinux-linux/usr --bindir=/opt/petalinux/2021.1/sysroots/x86_64-petalinux-linux/usr/bin/aarch64-xilinx-linux --sbindir=/opt/petalinux/2021.1/sysroots/x86_64-petalinux-linux/usr/bin/aarch64-xilinx-linux --libexecdir=/opt/petalinux/2021.1/sysroots/x86_64-petalinux-linux/usr/libexec/aarch64-xilinx-linux --datadir=/opt/petalinux/2021.1/sysroots/x86_64-petalinux-linux/usr/share --sysconfdir=/opt/petalinux/2021.1/sysroots/x86_64-petalinux-linux/etc --sharedstatedir=/opt/petalinux/2021.1/sysroots/x86_64-petalinux-linux/com --localstatedir=/opt/petalinux/2021.1/sysroots/x86_64-petalinux-linux/var --libdir=/opt/petalinux/2021.1/sysroots/x86_64-petalinux-linux/usr/lib/aarch64-xilinx-linux --includedir=/opt/petalinux/2021.1/sysroots/x86_64-petalinux-linux/usr/include --oldincludedir=/opt/petalinux/2021.1/sysroots/x86_64-petalinux-linux/usr/include --infodir=/opt/petalinux/2021.1/sysroots/x86_64-petalinux-linux/usr/share/info --mandir=/opt/petalinux/2021.1/sysroots/x86_64-petalinux-linux/usr/share/man --disable-silent-rules --disable-dependency-tracking --with-libtool-sysroot=/scratch/jenkins-BUILDS-eSDK-2021.1_stable-pipeline-build-190_ZynqMpEvFull/build/tmp/work/x86_64-nativesdk-petalinux-linux/gcc-cross-canadian-aarch64/10.2.0-r0/recipe-sysroot --with-gnu-ld --enable-shared --enable-languages=c,c++ --enable-threads=posix --enable-multilib --enable-default-pie --enable-c99 --enable-long-long --enable-symvers=gnu --enable-libstdcxx-pch --program-prefix=aarch64-xilinx-linux- --without-local-prefix --disable-install-libiberty --enable-lto --disable-libssp --enable-libitm --disable-bootstrap --with-system-zlib --with-linker-hash-style=gnu --enable-linker-build-id --with-ppl=no --with-cloog=no --enable-checking=release --enable-cheaders=c_global --without-isl --with-gxx-include-dir=/not/exist/usr/include/c++/10.2.0 --with-build-time-tools=/scratch/jenkins-BUILDS-eSDK-2021.1_stable-pipeline-build-190_ZynqMpEvFull/build/tmp/work/x86_64-nativesdk-petalinux-linux/gcc-cross-canadian-aarch64/10.2.0-r0/recipe-sysroot-native/usr/aarch64-xilinx-linux/bin --with-sysroot=/not/exist --with-build-sysroot=/scratch/jenkins-BUILDS-eSDK-2021.1_stable-pipeline-build-190_ZynqMpEvFull/build/tmp/work/x86_64-nativesdk-petalinux-linux/gcc-cross-canadian-aarch64/10.2.0-r0/recipe-sysroot --enable-poison-system-directories --disable-static --enable-nls --with-glibc-version=2.28 --enable-initfini-array --enable-__cxa_atexit]
  ignore line: [Thread model: posix]
  ignore line: [Supported LTO compression algorithms: zlib]
  ignore line: [gcc version 10.2.0 (GCC) ]
  ignore line: [COLLECT_GCC_OPTIONS='--sysroot=/opt/petalinux/2021.1/sysroots/cortexa72-cortexa53-xilinx-linux' '-mcpu=cortex-a72.cortex-a53' '-march=armv8-a+crc' '-fstack-protector-strong' '-D' '_FORTIFY_SOURCE=2' '-Wformat=1' '-Wformat-security' '-Werror=format-security' '-O2' '-pipe' '-g' '-feliminate-unused-debug-types' '-v' '-o' 'CMakeFiles/cmTC_a989d.dir/CMakeCXXCompilerABI.cpp.o' '-c' '-shared-libgcc' '-mlittle-endian' '-mabi=lp64']
  ignore line: [ /opt/petalinux/2021.1/sysroots/x86_64-petalinux-linux/usr/libexec/aarch64-xilinx-linux/gcc/aarch64-xilinx-linux/10.2.0/cc1plus -quiet -v -isysroot /opt/petalinux/2021.1/sysroots/cortexa72-cortexa53-xilinx-linux -D_GNU_SOURCE -D _FORTIFY_SOURCE=2 /opt/petalinux/2021.1/sysroots/x86_64-petalinux-linux/usr/share/cmake-3.18/Modules/CMakeCXXCompilerABI.cpp -quiet -dumpbase CMakeCXXCompilerABI.cpp -mcpu=cortex-a72.cortex-a53 -march=armv8-a+crc -mlittle-endian -mabi=lp64 -auxbase-strip CMakeFiles/cmTC_a989d.dir/CMakeCXXCompilerABI.cpp.o -g -O2 -Wformat=1 -Wformat-security -Werror=format-security -version -fstack-protector-strong -feliminate-unused-debug-types -o - |]
  ignore line: [ /opt/petalinux/2021.1/sysroots/x86_64-petalinux-linux/usr/libexec/aarch64-xilinx-linux/gcc/aarch64-xilinx-linux/10.2.0/as -v -EL -march=armv8-a+crc -march=armv8-a+crc -mabi=lp64 -o CMakeFiles/cmTC_a989d.dir/CMakeCXXCompilerABI.cpp.o]
  ignore line: [GNU assembler version 2.35.1 (aarch64-xilinx-linux) using BFD version (GNU Binutils) 2.35.1]
  ignore line: [GNU C++14 (GCC) version 10.2.0 (aarch64-xilinx-linux)]
  ignore line: [	compiled by GNU C version 10.2.0  GMP version 6.2.0  MPFR version 4.1.0  MPC version 1.2.0  isl version none]
  ignore line: [GGC heuristics: --param ggc-min-expand=100 --param ggc-min-heapsize=131072]
  ignore line: [ignoring nonexistent directory "/opt/petalinux/2021.1/sysroots/cortexa72-cortexa53-xilinx-linux/usr/local/include"]
  ignore line: [ignoring nonexistent directory "/opt/petalinux/2021.1/sysroots/x86_64-petalinux-linux/usr/lib/aarch64-xilinx-linux/gcc/aarch64-xilinx-linux/10.2.0/../../../../../aarch64-xilinx-linux/include"]
  ignore line: [#include "..." search starts here:]
  ignore line: [#include <...> search starts here:]
  ignore line: [ /opt/petalinux/2021.1/sysroots/cortexa72-cortexa53-xilinx-linux/usr/include/c++/10.2.0]
  ignore line: [ /opt/petalinux/2021.1/sysroots/cortexa72-cortexa53-xilinx-linux/usr/include/c++/10.2.0/aarch64-xilinx-linux]
  ignore line: [ /opt/petalinux/2021.1/sysroots/cortexa72-cortexa53-xilinx-linux/usr/include/c++/10.2.0/backward]
  ignore line: [ /opt/petalinux/2021.1/sysroots/x86_64-petalinux-linux/usr/lib/aarch64-xilinx-linux/gcc/aarch64-xilinx-linux/10.2.0/include]
  ignore line: [ /opt/petalinux/2021.1/sysroots/cortexa72-cortexa53-xilinx-linux/usr/lib/aarch64-xilinx-linux/10.2.0/include]
  ignore line: [ /opt/petalinux/2021.1/sysroots/x86_64-petalinux-linux/usr/lib/aarch64-xilinx-linux/gcc/aarch64-xilinx-linux/10.2.0/include-fixed]
  ignore line: [ /opt/petalinux/2021.1/sysroots/cortexa72-cortexa53-xilinx-linux/usr/include/]
  ignore line: [End of search list.]
  ignore line: [GNU C++14 (GCC) version 10.2.0 (aarch64-xilinx-linux)]
  ignore line: [	compiled by GNU C version 10.2.0  GMP version 6.2.0  MPFR version 4.1.0  MPC version 1.2.0  isl version none]
  ignore line: [GGC heuristics: --param ggc-min-expand=100 --param ggc-min-heapsize=131072]
  ignore line: [Compiler executable checksum: 8b7faf8e8794a90607169eb43599d68e]
  ignore line: [COMPILER_PATH=/opt/petalinux/2021.1/sysroots/x86_64-petalinux-linux/usr/libexec/aarch64-xilinx-linux/gcc/aarch64-xilinx-linux/10.2.0/:/opt/petalinux/2021.1/sysroots/x86_64-petalinux-linux/usr/libexec/aarch64-xilinx-linux/gcc/aarch64-xilinx-linux/10.2.0/:/opt/petalinux/2021.1/sysroots/x86_64-petalinux-linux/usr/libexec/aarch64-xilinx-linux/gcc/aarch64-xilinx-linux/:/opt/petalinux/2021.1/sysroots/x86_64-petalinux-linux/usr/lib/aarch64-xilinx-linux/gcc/aarch64-xilinx-linux/10.2.0/:/opt/petalinux/2021.1/sysroots/x86_64-petalinux-linux/usr/lib/aarch64-xilinx-linux/gcc/aarch64-xilinx-linux/]
  ignore line: [LIBRARY_PATH=/opt/petalinux/2021.1/sysroots/x86_64-petalinux-linux/usr/lib/aarch64-xilinx-linux/gcc/aarch64-xilinx-linux/10.2.0/:/opt/petalinux/2021.1/sysroots/cortexa72-cortexa53-xilinx-linux/lib/:/opt/petalinux/2021.1/sysroots/cortexa72-cortexa53-xilinx-linux/usr/lib/aarch64-xilinx-linux/10.2.0/:/opt/petalinux/2021.1/sysroots/cortexa72-cortexa53-xilinx-linux/usr/lib/]
  ignore line: [COLLECT_GCC_OPTIONS='--sysroot=/opt/petalinux/2021.1/sysroots/cortexa72-cortexa53-xilinx-linux' '-mcpu=cortex-a72.cortex-a53' '-march=armv8-a+crc' '-fstack-protector-strong' '-D' '_FORTIFY_SOURCE=2' '-Wformat=1' '-Wformat-security' '-Werror=format-security' '-O2' '-pipe' '-g' '-feliminate-unused-debug-types' '-v' '-o' 'CMakeFiles/cmTC_a989d.dir/CMakeCXXCompilerABI.cpp.o' '-c' '-shared-libgcc' '-mlittle-endian' '-mabi=lp64']
  ignore line: [Linking CXX executable cmTC_a989d]
  ignore line: [/opt/petalinux/2021.1/sysroots/x86_64-petalinux-linux/usr/bin/cmake -E cmake_link_script CMakeFiles/cmTC_a989d.dir/link.txt --verbose=1]
  ignore line: [/opt/petalinux/2021.1/sysroots/x86_64-petalinux-linux/usr/bin/aarch64-xilinx-linux/aarch64-xilinx-linux-g++   -mcpu=cortex-a72.cortex-a53 -march=armv8-a+crc -fstack-protector-strong  -D_FORTIFY_SOURCE=2 -Wformat -Wformat-security -Werror=format-security --sysroot=/opt/petalinux/2021.1/sysroots/cortexa72-cortexa53-xilinx-linux --sysroot=/opt/petalinux/2021.1/sysroots/cortexa72-cortexa53-xilinx-linux  -O2 -pipe -g -feliminate-unused-debug-types   -Wl -O1 -Wl --hash-style=gnu -Wl --as-needed -Wl -z relro -z now -v CMakeFiles/cmTC_a989d.dir/CMakeCXXCompilerABI.cpp.o -o cmTC_a989d ]
  ignore line: [Using built-in specs.]
  ignore line: [COLLECT_GCC=/opt/petalinux/2021.1/sysroots/x86_64-petalinux-linux/usr/bin/aarch64-xilinx-linux/aarch64-xilinx-linux-g++]
  ignore line: [COLLECT_LTO_WRAPPER=/opt/petalinux/2021.1/sysroots/x86_64-petalinux-linux/usr/libexec/aarch64-xilinx-linux/gcc/aarch64-xilinx-linux/10.2.0/lto-wrapper]
  ignore line: [Target: aarch64-xilinx-linux]
  ignore line: [Configured with: ../../../../../../work-shared/gcc-10.2.0-r0/gcc-10.2.0/configure --build=x86_64-linux --host=x86_64-petalinux-linux --target=aarch64-xilinx-linux --prefix=/opt/petalinux/2021.1/sysroots/x86_64-petalinux-linux/usr --exec_prefix=/opt/petalinux/2021.1/sysroots/x86_64-petalinux-linux/usr --bindir=/opt/petalinux/2021.1/sysroots/x86_64-petalinux-linux/usr/bin/aarch64-xilinx-linux --sbindir=/opt/petalinux/2021.1/sysroots/x86_64-petalinux-linux/usr/bin/aarch64-xilinx-linux --libexecdir=/opt/petalinux/2021.1/sysroots/x86_64-petalinux-linux/usr/libexec/aarch64-xilinx-linux --datadir=/opt/petalinux/2021.1/sysroots/x86_64-petalinux-linux/usr/share --sysconfdir=/opt/petalinux/2021.1/sysroots/x86_64-petalinux-linux/etc --sharedstatedir=/opt/petalinux/2021.1/sysroots/x86_64-petalinux-linux/com --localstatedir=/opt/petalinux/2021.1/sysroots/x86_64-petalinux-linux/var --libdir=/opt/petalinux/2021.1/sysroots/x86_64-petalinux-linux/usr/lib/aarch64-xilinx-linux --includedir=/opt/petalinux/2021.1/sysroots/x86_64-petalinux-linux/usr/include --oldincludedir=/opt/petalinux/2021.1/sysroots/x86_64-petalinux-linux/usr/include --infodir=/opt/petalinux/2021.1/sysroots/x86_64-petalinux-linux/usr/share/info --mandir=/opt/petalinux/2021.1/sysroots/x86_64-petalinux-linux/usr/share/man --disable-silent-rules --disable-dependency-tracking --with-libtool-sysroot=/scratch/jenkins-BUILDS-eSDK-2021.1_stable-pipeline-build-190_ZynqMpEvFull/build/tmp/work/x86_64-nativesdk-petalinux-linux/gcc-cross-canadian-aarch64/10.2.0-r0/recipe-sysroot --with-gnu-ld --enable-shared --enable-languages=c,c++ --enable-threads=posix --enable-multilib --enable-default-pie --enable-c99 --enable-long-long --enable-symvers=gnu --enable-libstdcxx-pch --program-prefix=aarch64-xilinx-linux- --without-local-prefix --disable-install-libiberty --enable-lto --disable-libssp --enable-libitm --disable-bootstrap --with-system-zlib --with-linker-hash-style=gnu --enable-linker-build-id --with-ppl=no --with-cloog=no --enable-checking=release --enable-cheaders=c_global --without-isl --with-gxx-include-dir=/not/exist/usr/include/c++/10.2.0 --with-build-time-tools=/scratch/jenkins-BUILDS-eSDK-2021.1_stable-pipeline-build-190_ZynqMpEvFull/build/tmp/work/x86_64-nativesdk-petalinux-linux/gcc-cross-canadian-aarch64/10.2.0-r0/recipe-sysroot-native/usr/aarch64-xilinx-linux/bin --with-sysroot=/not/exist --with-build-sysroot=/scratch/jenkins-BUILDS-eSDK-2021.1_stable-pipeline-build-190_ZynqMpEvFull/build/tmp/work/x86_64-nativesdk-petalinux-linux/gcc-cross-canadian-aarch64/10.2.0-r0/recipe-sysroot --enable-poison-system-directories --disable-static --enable-nls --with-glibc-version=2.28 --enable-initfini-array --enable-__cxa_atexit]
  ignore line: [Thread model: posix]
  ignore line: [Supported LTO compression algorithms: zlib]
  ignore line: [gcc version 10.2.0 (GCC) ]
  ignore line: [COMPILER_PATH=/opt/petalinux/2021.1/sysroots/x86_64-petalinux-linux/usr/libexec/aarch64-xilinx-linux/gcc/aarch64-xilinx-linux/10.2.0/:/opt/petalinux/2021.1/sysroots/x86_64-petalinux-linux/usr/libexec/aarch64-xilinx-linux/gcc/aarch64-xilinx-linux/10.2.0/:/opt/petalinux/2021.1/sysroots/x86_64-petalinux-linux/usr/libexec/aarch64-xilinx-linux/gcc/aarch64-xilinx-linux/:/opt/petalinux/2021.1/sysroots/x86_64-petalinux-linux/usr/lib/aarch64-xilinx-linux/gcc/aarch64-xilinx-linux/10.2.0/:/opt/petalinux/2021.1/sysroots/x86_64-petalinux-linux/usr/lib/aarch64-xilinx-linux/gcc/aarch64-xilinx-linux/]
  ignore line: [LIBRARY_PATH=/opt/petalinux/2021.1/sysroots/x86_64-petalinux-linux/usr/lib/aarch64-xilinx-linux/gcc/aarch64-xilinx-linux/10.2.0/:/opt/petalinux/2021.1/sysroots/cortexa72-cortexa53-xilinx-linux/lib/:/opt/petalinux/2021.1/sysroots/cortexa72-cortexa53-xilinx-linux/usr/lib/aarch64-xilinx-linux/10.2.0/:/opt/petalinux/2021.1/sysroots/cortexa72-cortexa53-xilinx-linux/usr/lib/]
  ignore line: [COLLECT_GCC_OPTIONS='--sysroot=/opt/petalinux/2021.1/sysroots/cortexa72-cortexa53-xilinx-linux' '-mcpu=cortex-a72.cortex-a53' '-march=armv8-a+crc' '-fstack-protector-strong' '-D' '_FORTIFY_SOURCE=2' '-Wformat=1' '-Wformat-security' '-Werror=format-security' '-O2' '-pipe' '-g' '-feliminate-unused-debug-types' '-v' '-o' 'cmTC_a989d' '-shared-libgcc' '-mlittle-endian' '-mabi=lp64']
  link line: [ /opt/petalinux/2021.1/sysroots/x86_64-petalinux-linux/usr/libexec/aarch64-xilinx-linux/gcc/aarch64-xilinx-linux/10.2.0/collect2 -plugin /opt/petalinux/2021.1/sysroots/x86_64-petalinux-linux/usr/libexec/aarch64-xilinx-linux/gcc/aarch64-xilinx-linux/10.2.0/liblto_plugin.so -plugin-opt=/opt/petalinux/2021.1/sysroots/x86_64-petalinux-linux/usr/libexec/aarch64-xilinx-linux/gcc/aarch64-xilinx-linux/10.2.0/lto-wrapper -plugin-opt=-fresolution=/tmp/ccnAKpFe.res -plugin-opt=-pass-through=-lgcc_s -plugin-opt=-pass-through=-lgcc -plugin-opt=-pass-through=-lc -plugin-opt=-pass-through=-lgcc_s -plugin-opt=-pass-through=-lgcc --sysroot=/opt/petalinux/2021.1/sysroots/cortexa72-cortexa53-xilinx-linux --build-id --eh-frame-hdr --hash-style=gnu -dynamic-linker /lib/ld-linux-aarch64.so.1 -X -EL -maarch64linux -pie -o cmTC_a989d /opt/petalinux/2021.1/sysroots/cortexa72-cortexa53-xilinx-linux/usr/lib/Scrt1.o /opt/petalinux/2021.1/sysroots/cortexa72-cortexa53-xilinx-linux/usr/lib/crti.o /opt/petalinux/2021.1/sysroots/cortexa72-cortexa53-xilinx-linux/usr/lib/aarch64-xilinx-linux/10.2.0/crtbeginS.o -L/opt/petalinux/2021.1/sysroots/x86_64-petalinux-linux/usr/lib/aarch64-xilinx-linux/gcc/aarch64-xilinx-linux/10.2.0 -L/opt/petalinux/2021.1/sysroots/cortexa72-cortexa53-xilinx-linux/lib -L/opt/petalinux/2021.1/sysroots/cortexa72-cortexa53-xilinx-linux/usr/lib/aarch64-xilinx-linux/10.2.0 -L/opt/petalinux/2021.1/sysroots/cortexa72-cortexa53-xilinx-linux/usr/lib -O1 --hash-style=gnu --as-needed -z relro -z now CMakeFiles/cmTC_a989d.dir/CMakeCXXCompilerABI.cpp.o -lstdc++ -lm -lgcc_s -lgcc -lc -lgcc_s -lgcc /opt/petalinux/2021.1/sysroots/cortexa72-cortexa53-xilinx-linux/usr/lib/aarch64-xilinx-linux/10.2.0/crtendS.o /opt/petalinux/2021.1/sysroots/cortexa72-cortexa53-xilinx-linux/usr/lib/crtn.o]
    arg [/opt/petalinux/2021.1/sysroots/x86_64-petalinux-linux/usr/libexec/aarch64-xilinx-linux/gcc/aarch64-xilinx-linux/10.2.0/collect2] ==> ignore
    arg [-plugin] ==> ignore
    arg [/opt/petalinux/2021.1/sysroots/x86_64-petalinux-linux/usr/libexec/aarch64-xilinx-linux/gcc/aarch64-xilinx-linux/10.2.0/liblto_plugin.so] ==> ignore
    arg [-plugin-opt=/opt/petalinux/2021.1/sysroots/x86_64-petalinux-linux/usr/libexec/aarch64-xilinx-linux/gcc/aarch64-xilinx-linux/10.2.0/lto-wrapper] ==> ignore
    arg [-plugin-opt=-fresolution=/tmp/ccnAKpFe.res] ==> ignore
    arg [-plugin-opt=-pass-through=-lgcc_s] ==> ignore
    arg [-plugin-opt=-pass-through=-lgcc] ==> ignore
    arg [-plugin-opt=-pass-through=-lc] ==> ignore
    arg [-plugin-opt=-pass-through=-lgcc_s] ==> ignore
    arg [-plugin-opt=-pass-through=-lgcc] ==> ignore
    arg [--sysroot=/opt/petalinux/2021.1/sysroots/cortexa72-cortexa53-xilinx-linux] ==> ignore
    arg [--build-id] ==> ignore
    arg [--eh-frame-hdr] ==> ignore
    arg [--hash-style=gnu] ==> ignore
    arg [-dynamic-linker] ==> ignore
    arg [/lib/ld-linux-aarch64.so.1] ==> ignore
    arg [-X] ==> ignore
    arg [-EL] ==> ignore
    arg [-maarch64linux] ==> ignore
    arg [-pie] ==> ignore
    arg [-o] ==> ignore
    arg [cmTC_a989d] ==> ignore
    arg [/opt/petalinux/2021.1/sysroots/cortexa72-cortexa53-xilinx-linux/usr/lib/Scrt1.o] ==> ignore
    arg [/opt/petalinux/2021.1/sysroots/cortexa72-cortexa53-xilinx-linux/usr/lib/crti.o] ==> ignore
    arg [/opt/petalinux/2021.1/sysroots/cortexa72-cortexa53-xilinx-linux/usr/lib/aarch64-xilinx-linux/10.2.0/crtbeginS.o] ==> ignore
    arg [-L/opt/petalinux/2021.1/sysroots/x86_64-petalinux-linux/usr/lib/aarch64-xilinx-linux/gcc/aarch64-xilinx-linux/10.2.0] ==> dir [/opt/petalinux/2021.1/sysroots/x86_64-petalinux-linux/usr/lib/aarch64-xilinx-linux/gcc/aarch64-xilinx-linux/10.2.0]
    arg [-L/opt/petalinux/2021.1/sysroots/cortexa72-cortexa53-xilinx-linux/lib] ==> dir [/opt/petalinux/2021.1/sysroots/cortexa72-cortexa53-xilinx-linux/lib]
    arg [-L/opt/petalinux/2021.1/sysroots/cortexa72-cortexa53-xilinx-linux/usr/lib/aarch64-xilinx-linux/10.2.0] ==> dir [/opt/petalinux/2021.1/sysroots/cortexa72-cortexa53-xilinx-linux/usr/lib/aarch64-xilinx-linux/10.2.0]
    arg [-L/opt/petalinux/2021.1/sysroots/cortexa72-cortexa53-xilinx-linux/usr/lib] ==> dir [/opt/petalinux/2021.1/sysroots/cortexa72-cortexa53-xilinx-linux/usr/lib]
    arg [-O1] ==> ignore
    arg [--hash-style=gnu] ==> ignore
    arg [--as-needed] ==> ignore
    arg [-zrelro] ==> ignore
    arg [-znow] ==> ignore
    arg [CMakeFiles/cmTC_a989d.dir/CMakeCXXCompilerABI.cpp.o] ==> ignore
    arg [-lstdc++] ==> lib [stdc++]
    arg [-lm] ==> lib [m]
    arg [-lgcc_s] ==> lib [gcc_s]
    arg [-lgcc] ==> lib [gcc]
    arg [-lc] ==> lib [c]
    arg [-lgcc_s] ==> lib [gcc_s]
    arg [-lgcc] ==> lib [gcc]
    arg [/opt/petalinux/2021.1/sysroots/cortexa72-cortexa53-xilinx-linux/usr/lib/aarch64-xilinx-linux/10.2.0/crtendS.o] ==> ignore
    arg [/opt/petalinux/2021.1/sysroots/cortexa72-cortexa53-xilinx-linux/usr/lib/crtn.o] ==> ignore
  collapse library dir [/opt/petalinux/2021.1/sysroots/x86_64-petalinux-linux/usr/lib/aarch64-xilinx-linux/gcc/aarch64-xilinx-linux/10.2.0] ==> [/opt/petalinux/2021.1/sysroots/x86_64-petalinux-linux/usr/lib/aarch64-xilinx-linux/gcc/aarch64-xilinx-linux/10.2.0]
  collapse library dir [/opt/petalinux/2021.1/sysroots/cortexa72-cortexa53-xilinx-linux/lib] ==> [/opt/petalinux/2021.1/sysroots/cortexa72-cortexa53-xilinx-linux/lib]
  collapse library dir [/opt/petalinux/2021.1/sysroots/cortexa72-cortexa53-xilinx-linux/usr/lib/aarch64-xilinx-linux/10.2.0] ==> [/opt/petalinux/2021.1/sysroots/cortexa72-cortexa53-xilinx-linux/usr/lib/aarch64-xilinx-linux/10.2.0]
  collapse library dir [/opt/petalinux/2021.1/sysroots/cortexa72-cortexa53-xilinx-linux/usr/lib] ==> [/opt/petalinux/2021.1/sysroots/cortexa72-cortexa53-xilinx-linux/usr/lib]
  implicit libs: [stdc++;m;gcc_s;gcc;c;gcc_s;gcc]
  implicit dirs: [/opt/petalinux/2021.1/sysroots/x86_64-petalinux-linux/usr/lib/aarch64-xilinx-linux/gcc/aarch64-xilinx-linux/10.2.0;/opt/petalinux/2021.1/sysroots/cortexa72-cortexa53-xilinx-linux/lib;/opt/petalinux/2021.1/sysroots/cortexa72-cortexa53-xilinx-linux/usr/lib/aarch64-xilinx-linux/10.2.0;/opt/petalinux/2021.1/sysroots/cortexa72-cortexa53-xilinx-linux/usr/lib]
  implicit fwks: []


